<?xml version="1.0" encoding="UTF-8"?>
<TestRun id="a6d4186c-4d6e-4563-820f-97086d62f200" name="graeme@UNIVERSE 2011-09-17 18:07:12" runUser="Universe\graeme" xmlns="http://microsoft.com/schemas/VisualStudio/TeamTest/2010">
  <TestSettings name="Local" id="e920189b-fed0-46c2-83c6-cc62807d3a99">
    <Description>These are default test settings for a local test run.</Description>
    <Deployment enabled="false" runDeploymentRoot="graeme_UNIVERSE 2011-09-17 18_07_12" />
    <Execution>
      <TestTypeSpecific />
      <AgentRule name="Execution Agents">
      </AgentRule>
    </Execution>
  </TestSettings>
  <Times creation="2011-09-17T18:07:12.8878746+10:00" queuing="2011-09-17T18:07:13.3629017+10:00" start="2011-09-17T18:07:13.7379232+10:00" finish="2011-09-17T18:08:36.9326817+10:00" />
  <ResultSummary outcome="Failed">
    <Counters total="1" executed="1" error="0" failed="1" timeout="0" aborted="0" inconclusive="0" passedButRunAborted="0" notRunnable="0" notExecuted="0" disconnected="0" warning="0" passed="0" completed="0" inProgress="0" pending="0" />
  </ResultSummary>
  <TestDefinitions>
    <UnitTest name="UpdateEmployee" storage="c:\users\graeme\documents\visual studio 2010\projects\ctraderemployees\ctraderemployeestests\bin\debug\ctraderemployeestests.dll" id="cede7b58-9d55-861d-b036-3054eccd6243">
      <Execution timeOut="1800000" id="cb7c8b5b-ccca-4c43-82a6-1842b4504fa3" />
      <TestMethod codeBase="C:/Users/graeme/documents/visual studio 2010/Projects/CTraderEmployees/CTraderEmployeesTests/bin/Debug/CTraderEmployeesTests.DLL" adapterTypeName="Microsoft.VisualStudio.TestTools.TestTypes.Unit.UnitTestAdapter, Microsoft.VisualStudio.QualityTools.Tips.UnitTest.Adapter, Version=10.0.0.0, Culture=neutral, PublicKeyToken=b03f5f7f11d50a3a" className="CTraderEmployeesTests.EmployeeTests, CTraderEmployeesTests, Version=1.0.0.0, Culture=neutral, PublicKeyToken=null" name="UpdateEmployee" />
    </UnitTest>
  </TestDefinitions>
  <TestLists>
    <TestList name="Results Not in a List" id="8c84fa94-04c1-424b-9868-57a2d4851a1d" />
    <TestList name="All Loaded Results" id="19431567-8539-422a-85d7-44ee4e166bda" />
  </TestLists>
  <TestEntries>
    <TestEntry testId="cede7b58-9d55-861d-b036-3054eccd6243" executionId="cb7c8b5b-ccca-4c43-82a6-1842b4504fa3" testListId="8c84fa94-04c1-424b-9868-57a2d4851a1d" />
  </TestEntries>
  <Results>
    <UnitTestResult executionId="cb7c8b5b-ccca-4c43-82a6-1842b4504fa3" testId="cede7b58-9d55-861d-b036-3054eccd6243" testName="UpdateEmployee" computerName="UNIVERSE" duration="00:01:22.8795013" startTime="2011-09-17T18:07:13.8219280+10:00" endTime="2011-09-17T18:08:36.8076745+10:00" testType="13cdc9d9-ddb5-4fa4-a97d-d965ccfc6d4b" outcome="Failed" testListId="8c84fa94-04c1-424b-9868-57a2d4851a1d" relativeResultsDirectory="cb7c8b5b-ccca-4c43-82a6-1842b4504fa3">
      <Output>
        <ErrorInfo>
          <Message>Assert.AreEqual failed. Expected:&lt;21d9fb81-bdf8-4c4e-b397-01018f30e90b|john|smith|Male|5|True
&gt;. Actual:&lt;96fc5f18-6a11-40a6-8b43-8b7432bf5811|john|smith|Male|5|True&gt;. </Message>
          <StackTrace>   at CTraderEmployeesTests.EmployeeTests.UpdateEmployee() in C:\Users\graeme\documents\visual studio 2010\Projects\CTraderEmployees\CTraderEmployeesTests\EmployeeTests.cs:line 105
</StackTrace>
        </ErrorInfo>
      </Output>
    </UnitTestResult>
  </Results>
</TestRun>