<?xml version="1.0" encoding="UTF-8"?>
<TestRun id="6efcd77d-f700-40f4-ab70-3413ee52c499" name="graeme@UNIVERSE 2011-09-17 18:17:16" runUser="Universe\graeme" xmlns="http://microsoft.com/schemas/VisualStudio/TeamTest/2010">
  <TestSettings name="Local" id="e920189b-fed0-46c2-83c6-cc62807d3a99">
    <Description>These are default test settings for a local test run.</Description>
    <Deployment enabled="false" runDeploymentRoot="graeme_UNIVERSE 2011-09-17 18_17_16" />
    <Execution>
      <TestTypeSpecific />
      <AgentRule name="Execution Agents">
      </AgentRule>
    </Execution>
  </TestSettings>
  <Times creation="2011-09-17T18:17:16.8734206+10:00" queuing="2011-09-17T18:17:17.3294467+10:00" start="2011-09-17T18:17:17.7084683+10:00" finish="2011-09-17T18:19:50.6102138+10:00" />
  <ResultSummary outcome="Failed">
    <Counters total="1" executed="1" error="0" failed="1" timeout="0" aborted="0" inconclusive="0" passedButRunAborted="0" notRunnable="0" notExecuted="0" disconnected="0" warning="0" passed="0" completed="0" inProgress="0" pending="0" />
  </ResultSummary>
  <TestDefinitions>
    <UnitTest name="SaveEmployee" storage="c:\users\graeme\documents\visual studio 2010\projects\ctraderemployees\ctraderemployeestests\bin\debug\ctraderemployeestests.dll" id="b423e4e4-8842-b410-2a06-1396b6889675">
      <Execution timeOut="1800000" id="524f1fdd-d8a5-4fa1-bd08-85ccc66d38da" />
      <TestMethod codeBase="C:/Users/graeme/documents/visual studio 2010/Projects/CTraderEmployees/CTraderEmployeesTests/bin/Debug/CTraderEmployeesTests.DLL" adapterTypeName="Microsoft.VisualStudio.TestTools.TestTypes.Unit.UnitTestAdapter, Microsoft.VisualStudio.QualityTools.Tips.UnitTest.Adapter, Version=10.0.0.0, Culture=neutral, PublicKeyToken=b03f5f7f11d50a3a" className="CTraderEmployeesTests.EmployeeTests, CTraderEmployeesTests, Version=1.0.0.0, Culture=neutral, PublicKeyToken=null" name="SaveEmployee" />
    </UnitTest>
  </TestDefinitions>
  <TestLists>
    <TestList name="Results Not in a List" id="8c84fa94-04c1-424b-9868-57a2d4851a1d" />
    <TestList name="All Loaded Results" id="19431567-8539-422a-85d7-44ee4e166bda" />
  </TestLists>
  <TestEntries>
    <TestEntry testId="b423e4e4-8842-b410-2a06-1396b6889675" executionId="524f1fdd-d8a5-4fa1-bd08-85ccc66d38da" testListId="8c84fa94-04c1-424b-9868-57a2d4851a1d" />
  </TestEntries>
  <Results>
    <UnitTestResult executionId="524f1fdd-d8a5-4fa1-bd08-85ccc66d38da" testId="b423e4e4-8842-b410-2a06-1396b6889675" testName="SaveEmployee" computerName="UNIVERSE" duration="00:02:32.5573026" startTime="2011-09-17T18:17:17.8364757+10:00" endTime="2011-09-17T18:19:50.4812064+10:00" testType="13cdc9d9-ddb5-4fa4-a97d-d965ccfc6d4b" outcome="Failed" testListId="8c84fa94-04c1-424b-9868-57a2d4851a1d" relativeResultsDirectory="524f1fdd-d8a5-4fa1-bd08-85ccc66d38da">
      <Output>
        <ErrorInfo>
          <Message>Test method CTraderEmployeesTests.EmployeeTests.SaveEmployee threw exception: 
System.ObjectDisposedException: Cannot read from a closed TextReader.</Message>
          <StackTrace>    at System.IO.__Error.ReaderClosed()
   at System.IO.StreamReader.ReadLine()
   at System.IO.File.&lt;InternalReadLines&gt;d__0.MoveNext()
   at System.Linq.Enumerable.ElementAt[TSource](IEnumerable`1 source, Int32 index)
</StackTrace>
        </ErrorInfo>
      </Output>
    </UnitTestResult>
  </Results>
</TestRun>