<?xml version="1.0" encoding="UTF-8"?>
<TestRun id="2ce04e0f-ab60-4531-ab39-44538a27f664" name="graeme@UNIVERSE 2011-09-17 14:30:00" runUser="Universe\graeme" xmlns="http://microsoft.com/schemas/VisualStudio/TeamTest/2010">
  <TestSettings name="Local" id="e920189b-fed0-46c2-83c6-cc62807d3a99">
    <Description>These are default test settings for a local test run.</Description>
    <Deployment enabled="false" runDeploymentRoot="graeme_UNIVERSE 2011-09-17 14_30_00" />
    <Execution>
      <TestTypeSpecific />
      <AgentRule name="Execution Agents">
      </AgentRule>
    </Execution>
  </TestSettings>
  <Times creation="2011-09-17T14:30:00.1514447+10:00" queuing="2011-09-17T14:30:00.4614624+10:00" start="2011-09-17T14:30:00.7384783+10:00" finish="2011-09-17T14:30:00.9664913+10:00" />
  <ResultSummary outcome="Failed">
    <Counters total="1" executed="1" error="0" failed="1" timeout="0" aborted="0" inconclusive="0" passedButRunAborted="0" notRunnable="0" notExecuted="0" disconnected="0" warning="0" passed="0" completed="0" inProgress="0" pending="0" />
  </ResultSummary>
  <TestDefinitions>
    <UnitTest name="PathIsValid" storage="c:\users\graeme\documents\visual studio 2010\projects\ctraderemployees\ctraderemployeestests\bin\debug\ctraderemployeestests.dll" id="97af5c92-5f58-3350-f2cf-1e14256412d3">
      <Execution timeOut="1800000" id="3d46ef5c-a8e7-4ce2-b5b4-80fd26c4fa63" />
      <TestMethod codeBase="C:/Users/graeme/documents/visual studio 2010/Projects/CTraderEmployees/CTraderEmployeesTests/bin/Debug/CTraderEmployeesTests.DLL" adapterTypeName="Microsoft.VisualStudio.TestTools.TestTypes.Unit.UnitTestAdapter, Microsoft.VisualStudio.QualityTools.Tips.UnitTest.Adapter, Version=10.0.0.0, Culture=neutral, PublicKeyToken=b03f5f7f11d50a3a" className="CTraderEmployeesTests.ConfigTests, CTraderEmployeesTests, Version=1.0.0.0, Culture=neutral, PublicKeyToken=null" name="PathIsValid" />
    </UnitTest>
  </TestDefinitions>
  <TestLists>
    <TestList name="Results Not in a List" id="8c84fa94-04c1-424b-9868-57a2d4851a1d" />
    <TestList name="All Loaded Results" id="19431567-8539-422a-85d7-44ee4e166bda" />
  </TestLists>
  <TestEntries>
    <TestEntry testId="97af5c92-5f58-3350-f2cf-1e14256412d3" executionId="3d46ef5c-a8e7-4ce2-b5b4-80fd26c4fa63" testListId="8c84fa94-04c1-424b-9868-57a2d4851a1d" />
  </TestEntries>
  <Results>
    <UnitTestResult executionId="3d46ef5c-a8e7-4ce2-b5b4-80fd26c4fa63" testId="97af5c92-5f58-3350-f2cf-1e14256412d3" testName="PathIsValid" computerName="UNIVERSE" duration="00:00:00.0421520" startTime="2011-09-17T14:30:00.7674799+10:00" endTime="2011-09-17T14:30:00.8834866+10:00" testType="13cdc9d9-ddb5-4fa4-a97d-d965ccfc6d4b" outcome="Failed" testListId="8c84fa94-04c1-424b-9868-57a2d4851a1d" relativeResultsDirectory="3d46ef5c-a8e7-4ce2-b5b4-80fd26c4fa63">
      <Output>
        <ErrorInfo>
          <Message>Test method CTraderEmployeesTests.ConfigTests.PathIsValid did not throw expected exception System.IO.FileNotFoundException.</Message>
        </ErrorInfo>
      </Output>
    </UnitTestResult>
  </Results>
</TestRun>