<?xml version="1.0" encoding="UTF-8"?>
<TestRun id="332ec89a-8b3d-47e3-82f6-be21799baba7" name="graeme@UNIVERSE 2011-09-17 17:00:23" runUser="Universe\graeme" xmlns="http://microsoft.com/schemas/VisualStudio/TeamTest/2010">
  <TestSettings name="Local" id="e920189b-fed0-46c2-83c6-cc62807d3a99">
    <Description>These are default test settings for a local test run.</Description>
    <Deployment enabled="false" runDeploymentRoot="graeme_UNIVERSE 2011-09-17 17_00_23" />
    <Execution>
      <TestTypeSpecific />
      <AgentRule name="Execution Agents">
      </AgentRule>
    </Execution>
  </TestSettings>
  <Times creation="2011-09-17T17:00:23.7175632+10:00" queuing="2011-09-17T17:00:23.9935789+10:00" start="2011-09-17T17:00:24.3155974+10:00" finish="2011-09-17T17:00:24.6616172+10:00" />
  <ResultSummary outcome="Failed">
    <Counters total="8" executed="8" passed="7" error="0" failed="1" timeout="0" aborted="0" inconclusive="0" passedButRunAborted="0" notRunnable="0" notExecuted="0" disconnected="0" warning="0" completed="0" inProgress="0" pending="0" />
  </ResultSummary>
  <TestDefinitions>
    <UnitTest name="CreateFile" storage="c:\users\graeme\documents\visual studio 2010\projects\ctraderemployees\ctraderemployeestests\bin\debug\ctraderemployeestests.dll" id="238caa62-8e4b-18f5-e130-74cbaddee443">
      <Execution timeOut="1800000" id="a16a1dc6-4fc3-4fea-9a64-bc401117a2d7" />
      <TestMethod codeBase="C:/Users/graeme/documents/visual studio 2010/Projects/CTraderEmployees/CTraderEmployeesTests/bin/Debug/CTraderEmployeesTests.DLL" adapterTypeName="Microsoft.VisualStudio.TestTools.TestTypes.Unit.UnitTestAdapter, Microsoft.VisualStudio.QualityTools.Tips.UnitTest.Adapter, Version=10.0.0.0, Culture=neutral, PublicKeyToken=b03f5f7f11d50a3a" className="CTraderEmployeesTests.ConfigTests, CTraderEmployeesTests, Version=1.0.0.0, Culture=neutral, PublicKeyToken=null" name="CreateFile" />
    </UnitTest>
    <UnitTest name="InvalidPath" storage="c:\users\graeme\documents\visual studio 2010\projects\ctraderemployees\ctraderemployeestests\bin\debug\ctraderemployeestests.dll" id="b8e3a127-60fb-d15a-38dd-91050e14e18a">
      <Execution timeOut="1800000" id="89b37cc7-5fea-4f18-8937-5fb8e836ff24" />
      <TestMethod codeBase="C:/Users/graeme/documents/visual studio 2010/Projects/CTraderEmployees/CTraderEmployeesTests/bin/Debug/CTraderEmployeesTests.DLL" adapterTypeName="Microsoft.VisualStudio.TestTools.TestTypes.Unit.UnitTestAdapter, Microsoft.VisualStudio.QualityTools.Tips.UnitTest.Adapter, Version=10.0.0.0, Culture=neutral, PublicKeyToken=b03f5f7f11d50a3a" className="CTraderEmployeesTests.ConfigTests, CTraderEmployeesTests, Version=1.0.0.0, Culture=neutral, PublicKeyToken=null" name="InvalidPath" />
    </UnitTest>
    <UnitTest name="SaveEmployee" storage="c:\users\graeme\documents\visual studio 2010\projects\ctraderemployees\ctraderemployeestests\bin\debug\ctraderemployeestests.dll" id="b423e4e4-8842-b410-2a06-1396b6889675">
      <Execution timeOut="1800000" id="23e81afe-82f6-4744-9599-2257468903a8" />
      <TestMethod codeBase="C:/Users/graeme/documents/visual studio 2010/Projects/CTraderEmployees/CTraderEmployeesTests/bin/Debug/CTraderEmployeesTests.DLL" adapterTypeName="Microsoft.VisualStudio.TestTools.TestTypes.Unit.UnitTestAdapter, Microsoft.VisualStudio.QualityTools.Tips.UnitTest.Adapter, Version=10.0.0.0, Culture=neutral, PublicKeyToken=b03f5f7f11d50a3a" className="CTraderEmployeesTests.EmployeeTests, CTraderEmployeesTests, Version=1.0.0.0, Culture=neutral, PublicKeyToken=null" name="SaveEmployee" />
    </UnitTest>
    <UnitTest name="RemoveFile" storage="c:\users\graeme\documents\visual studio 2010\projects\ctraderemployees\ctraderemployeestests\bin\debug\ctraderemployeestests.dll" id="34939d99-5931-4bf7-0c08-87ffefe3fe7a">
      <Execution timeOut="1800000" id="c95e2f85-ce99-4ceb-841e-d9f95f334b18" />
      <TestMethod codeBase="C:/Users/graeme/documents/visual studio 2010/Projects/CTraderEmployees/CTraderEmployeesTests/bin/Debug/CTraderEmployeesTests.DLL" adapterTypeName="Microsoft.VisualStudio.TestTools.TestTypes.Unit.UnitTestAdapter, Microsoft.VisualStudio.QualityTools.Tips.UnitTest.Adapter, Version=10.0.0.0, Culture=neutral, PublicKeyToken=b03f5f7f11d50a3a" className="CTraderEmployeesTests.ConfigTests, CTraderEmployeesTests, Version=1.0.0.0, Culture=neutral, PublicKeyToken=null" name="RemoveFile" />
    </UnitTest>
    <UnitTest name="EmployeeHasFields" storage="c:\users\graeme\documents\visual studio 2010\projects\ctraderemployees\ctraderemployeestests\bin\debug\ctraderemployeestests.dll" id="704be9be-c4fa-23ad-07df-cfc9e4bfa6e7">
      <Execution timeOut="1800000" id="4587a90a-7974-44e6-99ca-a5ac9b9e784c" />
      <TestMethod codeBase="C:/Users/graeme/documents/visual studio 2010/Projects/CTraderEmployees/CTraderEmployeesTests/bin/Debug/CTraderEmployeesTests.DLL" adapterTypeName="Microsoft.VisualStudio.TestTools.TestTypes.Unit.UnitTestAdapter, Microsoft.VisualStudio.QualityTools.Tips.UnitTest.Adapter, Version=10.0.0.0, Culture=neutral, PublicKeyToken=b03f5f7f11d50a3a" className="CTraderEmployeesTests.EmployeeTests, CTraderEmployeesTests, Version=1.0.0.0, Culture=neutral, PublicKeyToken=null" name="EmployeeHasFields" />
    </UnitTest>
    <UnitTest name="EmployeeExists" storage="c:\users\graeme\documents\visual studio 2010\projects\ctraderemployees\ctraderemployeestests\bin\debug\ctraderemployeestests.dll" id="757e021e-7e12-bd83-283a-0c43141c041d">
      <Execution timeOut="1800000" id="8258cbc8-40ce-4dbc-8c5c-02a64f5251a6" />
      <TestMethod codeBase="C:/Users/graeme/documents/visual studio 2010/Projects/CTraderEmployees/CTraderEmployeesTests/bin/Debug/CTraderEmployeesTests.DLL" adapterTypeName="Microsoft.VisualStudio.TestTools.TestTypes.Unit.UnitTestAdapter, Microsoft.VisualStudio.QualityTools.Tips.UnitTest.Adapter, Version=10.0.0.0, Culture=neutral, PublicKeyToken=b03f5f7f11d50a3a" className="CTraderEmployeesTests.EmployeeTests, CTraderEmployeesTests, Version=1.0.0.0, Culture=neutral, PublicKeyToken=null" name="EmployeeExists" />
    </UnitTest>
    <UnitTest name="ConfigHasPath" storage="c:\users\graeme\documents\visual studio 2010\projects\ctraderemployees\ctraderemployeestests\bin\debug\ctraderemployeestests.dll" id="750b2ed7-8531-78d8-975c-8b53fd505641">
      <Execution timeOut="1800000" id="0ae231a0-6274-433f-82dc-3f18206694d4" />
      <TestMethod codeBase="C:/Users/graeme/documents/visual studio 2010/Projects/CTraderEmployees/CTraderEmployeesTests/bin/Debug/CTraderEmployeesTests.DLL" adapterTypeName="Microsoft.VisualStudio.TestTools.TestTypes.Unit.UnitTestAdapter, Microsoft.VisualStudio.QualityTools.Tips.UnitTest.Adapter, Version=10.0.0.0, Culture=neutral, PublicKeyToken=b03f5f7f11d50a3a" className="CTraderEmployeesTests.ConfigTests, CTraderEmployeesTests, Version=1.0.0.0, Culture=neutral, PublicKeyToken=null" name="ConfigHasPath" />
    </UnitTest>
    <UnitTest name="ConfigExists" storage="c:\users\graeme\documents\visual studio 2010\projects\ctraderemployees\ctraderemployeestests\bin\debug\ctraderemployeestests.dll" id="5dafe0aa-4690-22d9-56bc-90a1639b3f6b">
      <Execution timeOut="1800000" id="540c6aa1-ab3a-43e6-83cc-d98638f0cabe" />
      <TestMethod codeBase="C:/Users/graeme/documents/visual studio 2010/Projects/CTraderEmployees/CTraderEmployeesTests/bin/Debug/CTraderEmployeesTests.DLL" adapterTypeName="Microsoft.VisualStudio.TestTools.TestTypes.Unit.UnitTestAdapter, Microsoft.VisualStudio.QualityTools.Tips.UnitTest.Adapter, Version=10.0.0.0, Culture=neutral, PublicKeyToken=b03f5f7f11d50a3a" className="CTraderEmployeesTests.ConfigTests, CTraderEmployeesTests, Version=1.0.0.0, Culture=neutral, PublicKeyToken=null" name="ConfigExists" />
    </UnitTest>
  </TestDefinitions>
  <TestLists>
    <TestList name="Results Not in a List" id="8c84fa94-04c1-424b-9868-57a2d4851a1d" />
    <TestList name="All Loaded Results" id="19431567-8539-422a-85d7-44ee4e166bda" />
  </TestLists>
  <TestEntries>
    <TestEntry testId="5dafe0aa-4690-22d9-56bc-90a1639b3f6b" executionId="540c6aa1-ab3a-43e6-83cc-d98638f0cabe" testListId="8c84fa94-04c1-424b-9868-57a2d4851a1d" />
    <TestEntry testId="750b2ed7-8531-78d8-975c-8b53fd505641" executionId="0ae231a0-6274-433f-82dc-3f18206694d4" testListId="8c84fa94-04c1-424b-9868-57a2d4851a1d" />
    <TestEntry testId="238caa62-8e4b-18f5-e130-74cbaddee443" executionId="a16a1dc6-4fc3-4fea-9a64-bc401117a2d7" testListId="8c84fa94-04c1-424b-9868-57a2d4851a1d" />
    <TestEntry testId="b8e3a127-60fb-d15a-38dd-91050e14e18a" executionId="89b37cc7-5fea-4f18-8937-5fb8e836ff24" testListId="8c84fa94-04c1-424b-9868-57a2d4851a1d" />
    <TestEntry testId="34939d99-5931-4bf7-0c08-87ffefe3fe7a" executionId="c95e2f85-ce99-4ceb-841e-d9f95f334b18" testListId="8c84fa94-04c1-424b-9868-57a2d4851a1d" />
    <TestEntry testId="757e021e-7e12-bd83-283a-0c43141c041d" executionId="8258cbc8-40ce-4dbc-8c5c-02a64f5251a6" testListId="8c84fa94-04c1-424b-9868-57a2d4851a1d" />
    <TestEntry testId="704be9be-c4fa-23ad-07df-cfc9e4bfa6e7" executionId="4587a90a-7974-44e6-99ca-a5ac9b9e784c" testListId="8c84fa94-04c1-424b-9868-57a2d4851a1d" />
    <TestEntry testId="b423e4e4-8842-b410-2a06-1396b6889675" executionId="23e81afe-82f6-4744-9599-2257468903a8" testListId="8c84fa94-04c1-424b-9868-57a2d4851a1d" />
  </TestEntries>
  <Results>
    <UnitTestResult executionId="540c6aa1-ab3a-43e6-83cc-d98638f0cabe" testId="5dafe0aa-4690-22d9-56bc-90a1639b3f6b" testName="ConfigExists" computerName="UNIVERSE" duration="00:00:00.0357002" startTime="2011-09-17T17:00:24.3565997+10:00" endTime="2011-09-17T17:00:24.4556054+10:00" testType="13cdc9d9-ddb5-4fa4-a97d-d965ccfc6d4b" outcome="Passed" testListId="8c84fa94-04c1-424b-9868-57a2d4851a1d" relativeResultsDirectory="540c6aa1-ab3a-43e6-83cc-d98638f0cabe">
    </UnitTestResult>
    <UnitTestResult executionId="0ae231a0-6274-433f-82dc-3f18206694d4" testId="750b2ed7-8531-78d8-975c-8b53fd505641" testName="ConfigHasPath" computerName="UNIVERSE" duration="00:00:00.0027019" startTime="2011-09-17T17:00:24.4596056+10:00" endTime="2011-09-17T17:00:24.4626058+10:00" testType="13cdc9d9-ddb5-4fa4-a97d-d965ccfc6d4b" outcome="Passed" testListId="8c84fa94-04c1-424b-9868-57a2d4851a1d" relativeResultsDirectory="0ae231a0-6274-433f-82dc-3f18206694d4">
    </UnitTestResult>
    <UnitTestResult executionId="a16a1dc6-4fc3-4fea-9a64-bc401117a2d7" testId="238caa62-8e4b-18f5-e130-74cbaddee443" testName="CreateFile" computerName="UNIVERSE" duration="00:00:00.0064528" startTime="2011-09-17T17:00:24.4646059+10:00" endTime="2011-09-17T17:00:24.4736064+10:00" testType="13cdc9d9-ddb5-4fa4-a97d-d965ccfc6d4b" outcome="Passed" testListId="8c84fa94-04c1-424b-9868-57a2d4851a1d" relativeResultsDirectory="a16a1dc6-4fc3-4fea-9a64-bc401117a2d7">
    </UnitTestResult>
    <UnitTestResult executionId="89b37cc7-5fea-4f18-8937-5fb8e836ff24" testId="b8e3a127-60fb-d15a-38dd-91050e14e18a" testName="InvalidPath" computerName="UNIVERSE" duration="00:00:00.0100481" startTime="2011-09-17T17:00:24.4826069+10:00" endTime="2011-09-17T17:00:24.4986078+10:00" testType="13cdc9d9-ddb5-4fa4-a97d-d965ccfc6d4b" outcome="Passed" testListId="8c84fa94-04c1-424b-9868-57a2d4851a1d" relativeResultsDirectory="89b37cc7-5fea-4f18-8937-5fb8e836ff24">
    </UnitTestResult>
    <UnitTestResult executionId="c95e2f85-ce99-4ceb-841e-d9f95f334b18" testId="34939d99-5931-4bf7-0c08-87ffefe3fe7a" testName="RemoveFile" computerName="UNIVERSE" duration="00:00:00.0328549" startTime="2011-09-17T17:00:24.5046082+10:00" endTime="2011-09-17T17:00:24.5386101+10:00" testType="13cdc9d9-ddb5-4fa4-a97d-d965ccfc6d4b" outcome="Failed" testListId="8c84fa94-04c1-424b-9868-57a2d4851a1d" relativeResultsDirectory="c95e2f85-ce99-4ceb-841e-d9f95f334b18">
      <Output>
        <ErrorInfo>
          <Message>Test method CTraderEmployeesTests.ConfigTests.RemoveFile threw exception: 
System.IO.FileNotFoundException: Unable to find the specified file.</Message>
          <StackTrace>    at CTraderEmployees.Models.Config.set_Path(String value) in C:\Users\graeme\documents\visual studio 2010\Projects\CTraderEmployees\CTraderEmployees\Models\Config.cs:line 17
   at CTraderEmployeesTests.ConfigTests.RemoveFile() in C:\Users\graeme\documents\visual studio 2010\Projects\CTraderEmployees\CTraderEmployeesTests\ConfigTests.cs:line 53
</StackTrace>
        </ErrorInfo>
      </Output>
    </UnitTestResult>
    <UnitTestResult executionId="8258cbc8-40ce-4dbc-8c5c-02a64f5251a6" testId="757e021e-7e12-bd83-283a-0c43141c041d" testName="EmployeeExists" computerName="UNIVERSE" duration="00:00:00.0024851" startTime="2011-09-17T17:00:24.5446105+10:00" endTime="2011-09-17T17:00:24.5596113+10:00" testType="13cdc9d9-ddb5-4fa4-a97d-d965ccfc6d4b" outcome="Passed" testListId="8c84fa94-04c1-424b-9868-57a2d4851a1d" relativeResultsDirectory="8258cbc8-40ce-4dbc-8c5c-02a64f5251a6">
    </UnitTestResult>
    <UnitTestResult executionId="4587a90a-7974-44e6-99ca-a5ac9b9e784c" testId="704be9be-c4fa-23ad-07df-cfc9e4bfa6e7" testName="EmployeeHasFields" computerName="UNIVERSE" duration="00:00:00.0084034" startTime="2011-09-17T17:00:24.5626115+10:00" endTime="2011-09-17T17:00:24.5716120+10:00" testType="13cdc9d9-ddb5-4fa4-a97d-d965ccfc6d4b" outcome="Passed" testListId="8c84fa94-04c1-424b-9868-57a2d4851a1d" relativeResultsDirectory="4587a90a-7974-44e6-99ca-a5ac9b9e784c">
    </UnitTestResult>
    <UnitTestResult executionId="23e81afe-82f6-4744-9599-2257468903a8" testId="b423e4e4-8842-b410-2a06-1396b6889675" testName="SaveEmployee" computerName="UNIVERSE" duration="00:00:00.0046241" startTime="2011-09-17T17:00:24.5746122+10:00" endTime="2011-09-17T17:00:24.5846127+10:00" testType="13cdc9d9-ddb5-4fa4-a97d-d965ccfc6d4b" outcome="Passed" testListId="8c84fa94-04c1-424b-9868-57a2d4851a1d" relativeResultsDirectory="23e81afe-82f6-4744-9599-2257468903a8">
    </UnitTestResult>
  </Results>
</TestRun>