<?xml version="1.0" encoding="UTF-8"?>
<TestRun id="5340c75c-b03e-49ff-8c74-b118dd1e69ca" name="graeme@UNIVERSE 2011-09-17 18:14:09" runUser="Universe\graeme" xmlns="http://microsoft.com/schemas/VisualStudio/TeamTest/2010">
  <TestSettings name="Local" id="e920189b-fed0-46c2-83c6-cc62807d3a99">
    <Description>These are default test settings for a local test run.</Description>
    <Deployment enabled="false" runDeploymentRoot="graeme_UNIVERSE 2011-09-17 18_14_09" />
    <Execution>
      <TestTypeSpecific />
      <AgentRule name="Execution Agents">
      </AgentRule>
    </Execution>
  </TestSettings>
  <Times creation="2011-09-17T18:14:09.3286936+10:00" queuing="2011-09-17T18:14:09.7217161+10:00" start="2011-09-17T18:14:10.0807366+10:00" finish="2011-09-17T18:15:54.0806851+10:00" />
  <ResultSummary outcome="Failed">
    <Counters total="1" executed="1" error="0" failed="1" timeout="0" aborted="0" inconclusive="0" passedButRunAborted="0" notRunnable="0" notExecuted="0" disconnected="0" warning="0" passed="0" completed="0" inProgress="0" pending="0" />
  </ResultSummary>
  <TestDefinitions>
    <UnitTest name="SaveEmployee" storage="c:\users\graeme\documents\visual studio 2010\projects\ctraderemployees\ctraderemployeestests\bin\debug\ctraderemployeestests.dll" id="b423e4e4-8842-b410-2a06-1396b6889675">
      <Execution timeOut="1800000" id="b029cb26-85a4-42be-ba49-437e8d29ad9a" />
      <TestMethod codeBase="C:/Users/graeme/documents/visual studio 2010/Projects/CTraderEmployees/CTraderEmployeesTests/bin/Debug/CTraderEmployeesTests.DLL" adapterTypeName="Microsoft.VisualStudio.TestTools.TestTypes.Unit.UnitTestAdapter, Microsoft.VisualStudio.QualityTools.Tips.UnitTest.Adapter, Version=10.0.0.0, Culture=neutral, PublicKeyToken=b03f5f7f11d50a3a" className="CTraderEmployeesTests.EmployeeTests, CTraderEmployeesTests, Version=1.0.0.0, Culture=neutral, PublicKeyToken=null" name="SaveEmployee" />
    </UnitTest>
  </TestDefinitions>
  <TestLists>
    <TestList name="Results Not in a List" id="8c84fa94-04c1-424b-9868-57a2d4851a1d" />
    <TestList name="All Loaded Results" id="19431567-8539-422a-85d7-44ee4e166bda" />
  </TestLists>
  <TestEntries>
    <TestEntry testId="b423e4e4-8842-b410-2a06-1396b6889675" executionId="b029cb26-85a4-42be-ba49-437e8d29ad9a" testListId="8c84fa94-04c1-424b-9868-57a2d4851a1d" />
  </TestEntries>
  <Results>
    <UnitTestResult executionId="b029cb26-85a4-42be-ba49-437e8d29ad9a" testId="b423e4e4-8842-b410-2a06-1396b6889675" testName="SaveEmployee" computerName="UNIVERSE" duration="00:01:43.6493875" startTime="2011-09-17T18:14:10.1917430+10:00" endTime="2011-09-17T18:15:53.9706788+10:00" testType="13cdc9d9-ddb5-4fa4-a97d-d965ccfc6d4b" outcome="Failed" testListId="8c84fa94-04c1-424b-9868-57a2d4851a1d" relativeResultsDirectory="b029cb26-85a4-42be-ba49-437e8d29ad9a">
      <Output>
        <ErrorInfo>
          <Message>Test method CTraderEmployeesTests.EmployeeTests.SaveEmployee threw exception: 
System.ObjectDisposedException: Cannot read from a closed TextReader.</Message>
          <StackTrace>    at System.IO.__Error.ReaderClosed()
   at System.IO.StreamReader.ReadLine()
   at System.IO.File.&lt;InternalReadLines&gt;d__0.MoveNext()
   at System.Linq.Enumerable.ElementAt[TSource](IEnumerable`1 source, Int32 index)
   at CTraderEmployeesTests.EmployeeTests.SaveEmployee() in C:\Users\graeme\documents\visual studio 2010\Projects\CTraderEmployees\CTraderEmployeesTests\EmployeeTests.cs:line 98
</StackTrace>
        </ErrorInfo>
      </Output>
    </UnitTestResult>
  </Results>
</TestRun>