<?xml version="1.0" encoding="UTF-8"?>
<TestRun id="4280a9a4-bd39-4b58-bd47-8c5dc193f3ed" name="graeme@UNIVERSE 2011-09-17 17:32:26" runUser="Universe\graeme" xmlns="http://microsoft.com/schemas/VisualStudio/TeamTest/2010">
  <TestSettings name="Local" id="e920189b-fed0-46c2-83c6-cc62807d3a99">
    <Description>These are default test settings for a local test run.</Description>
    <Deployment enabled="false" runDeploymentRoot="graeme_UNIVERSE 2011-09-17 17_32_26" />
    <Execution>
      <TestTypeSpecific />
      <AgentRule name="Execution Agents">
      </AgentRule>
    </Execution>
  </TestSettings>
  <Times creation="2011-09-17T17:32:26.3625322+10:00" queuing="2011-09-17T17:32:26.6365478+10:00" start="2011-09-17T17:32:27.0005686+10:00" finish="2011-09-17T17:32:27.2635837+10:00" />
  <ResultSummary outcome="Completed">
    <Counters total="4" executed="4" passed="4" error="0" failed="0" timeout="0" aborted="0" inconclusive="0" passedButRunAborted="0" notRunnable="0" notExecuted="0" disconnected="0" warning="0" completed="0" inProgress="0" pending="0" />
  </ResultSummary>
  <TestDefinitions>
    <UnitTest name="ConfigHasPath" storage="c:\users\graeme\documents\visual studio 2010\projects\ctraderemployees\ctraderemployeestests\bin\debug\ctraderemployeestests.dll" id="2b6492f9-7a61-9c64-7cab-ab3c340d5086">
      <Execution timeOut="1800000" id="1b13f698-71eb-4f97-b115-b7d95cfc31c5" />
      <TestMethod codeBase="C:/Users/graeme/documents/visual studio 2010/Projects/CTraderEmployees/CTraderEmployeesTests/bin/Debug/CTraderEmployeesTests.DLL" adapterTypeName="Microsoft.VisualStudio.TestTools.TestTypes.Unit.UnitTestAdapter, Microsoft.VisualStudio.QualityTools.Tips.UnitTest.Adapter, Version=10.0.0.0, Culture=neutral, PublicKeyToken=b03f5f7f11d50a3a" className="CTraderEmployeesTests.DataStoreTests, CTraderEmployeesTests, Version=1.0.0.0, Culture=neutral, PublicKeyToken=null" name="ConfigHasPath" />
    </UnitTest>
    <UnitTest name="SaveEmployee" storage="c:\users\graeme\documents\visual studio 2010\projects\ctraderemployees\ctraderemployeestests\bin\debug\ctraderemployeestests.dll" id="b423e4e4-8842-b410-2a06-1396b6889675">
      <Execution timeOut="1800000" id="5ef8fc4e-f20c-495b-bb3a-c06544d2ba52" />
      <TestMethod codeBase="C:/Users/graeme/documents/visual studio 2010/Projects/CTraderEmployees/CTraderEmployeesTests/bin/Debug/CTraderEmployeesTests.DLL" adapterTypeName="Microsoft.VisualStudio.TestTools.TestTypes.Unit.UnitTestAdapter, Microsoft.VisualStudio.QualityTools.Tips.UnitTest.Adapter, Version=10.0.0.0, Culture=neutral, PublicKeyToken=b03f5f7f11d50a3a" className="CTraderEmployeesTests.EmployeeTests, CTraderEmployeesTests, Version=1.0.0.0, Culture=neutral, PublicKeyToken=null" name="SaveEmployee" />
    </UnitTest>
    <UnitTest name="EmployeeHasFields" storage="c:\users\graeme\documents\visual studio 2010\projects\ctraderemployees\ctraderemployeestests\bin\debug\ctraderemployeestests.dll" id="704be9be-c4fa-23ad-07df-cfc9e4bfa6e7">
      <Execution timeOut="1800000" id="6dcae8f6-a5f6-4dab-a9b6-682cc9068d37" />
      <TestMethod codeBase="C:/Users/graeme/documents/visual studio 2010/Projects/CTraderEmployees/CTraderEmployeesTests/bin/Debug/CTraderEmployeesTests.DLL" adapterTypeName="Microsoft.VisualStudio.TestTools.TestTypes.Unit.UnitTestAdapter, Microsoft.VisualStudio.QualityTools.Tips.UnitTest.Adapter, Version=10.0.0.0, Culture=neutral, PublicKeyToken=b03f5f7f11d50a3a" className="CTraderEmployeesTests.EmployeeTests, CTraderEmployeesTests, Version=1.0.0.0, Culture=neutral, PublicKeyToken=null" name="EmployeeHasFields" />
    </UnitTest>
    <UnitTest name="EmployeeExists" storage="c:\users\graeme\documents\visual studio 2010\projects\ctraderemployees\ctraderemployeestests\bin\debug\ctraderemployeestests.dll" id="757e021e-7e12-bd83-283a-0c43141c041d">
      <Execution timeOut="1800000" id="2d1c174c-a1d6-44ba-bdc4-e096d64b966f" />
      <TestMethod codeBase="C:/Users/graeme/documents/visual studio 2010/Projects/CTraderEmployees/CTraderEmployeesTests/bin/Debug/CTraderEmployeesTests.DLL" adapterTypeName="Microsoft.VisualStudio.TestTools.TestTypes.Unit.UnitTestAdapter, Microsoft.VisualStudio.QualityTools.Tips.UnitTest.Adapter, Version=10.0.0.0, Culture=neutral, PublicKeyToken=b03f5f7f11d50a3a" className="CTraderEmployeesTests.EmployeeTests, CTraderEmployeesTests, Version=1.0.0.0, Culture=neutral, PublicKeyToken=null" name="EmployeeExists" />
    </UnitTest>
  </TestDefinitions>
  <TestLists>
    <TestList name="Results Not in a List" id="8c84fa94-04c1-424b-9868-57a2d4851a1d" />
    <TestList name="All Loaded Results" id="19431567-8539-422a-85d7-44ee4e166bda" />
  </TestLists>
  <TestEntries>
    <TestEntry testId="2b6492f9-7a61-9c64-7cab-ab3c340d5086" executionId="1b13f698-71eb-4f97-b115-b7d95cfc31c5" testListId="8c84fa94-04c1-424b-9868-57a2d4851a1d" />
    <TestEntry testId="757e021e-7e12-bd83-283a-0c43141c041d" executionId="2d1c174c-a1d6-44ba-bdc4-e096d64b966f" testListId="8c84fa94-04c1-424b-9868-57a2d4851a1d" />
    <TestEntry testId="704be9be-c4fa-23ad-07df-cfc9e4bfa6e7" executionId="6dcae8f6-a5f6-4dab-a9b6-682cc9068d37" testListId="8c84fa94-04c1-424b-9868-57a2d4851a1d" />
    <TestEntry testId="b423e4e4-8842-b410-2a06-1396b6889675" executionId="5ef8fc4e-f20c-495b-bb3a-c06544d2ba52" testListId="8c84fa94-04c1-424b-9868-57a2d4851a1d" />
  </TestEntries>
  <Results>
    <UnitTestResult executionId="1b13f698-71eb-4f97-b115-b7d95cfc31c5" testId="2b6492f9-7a61-9c64-7cab-ab3c340d5086" testName="ConfigHasPath" computerName="UNIVERSE" duration="00:00:00.0348498" startTime="2011-09-17T17:32:27.0495715+10:00" endTime="2011-09-17T17:32:27.1455769+10:00" testType="13cdc9d9-ddb5-4fa4-a97d-d965ccfc6d4b" outcome="Passed" testListId="8c84fa94-04c1-424b-9868-57a2d4851a1d" relativeResultsDirectory="1b13f698-71eb-4f97-b115-b7d95cfc31c5">
    </UnitTestResult>
    <UnitTestResult executionId="2d1c174c-a1d6-44ba-bdc4-e096d64b966f" testId="757e021e-7e12-bd83-283a-0c43141c041d" testName="EmployeeExists" computerName="UNIVERSE" duration="00:00:00.0035338" startTime="2011-09-17T17:32:27.1505772+10:00" endTime="2011-09-17T17:32:27.1595777+10:00" testType="13cdc9d9-ddb5-4fa4-a97d-d965ccfc6d4b" outcome="Passed" testListId="8c84fa94-04c1-424b-9868-57a2d4851a1d" relativeResultsDirectory="2d1c174c-a1d6-44ba-bdc4-e096d64b966f">
    </UnitTestResult>
    <UnitTestResult executionId="6dcae8f6-a5f6-4dab-a9b6-682cc9068d37" testId="704be9be-c4fa-23ad-07df-cfc9e4bfa6e7" testName="EmployeeHasFields" computerName="UNIVERSE" duration="00:00:00.0074984" startTime="2011-09-17T17:32:27.1645780+10:00" endTime="2011-09-17T17:32:27.1775788+10:00" testType="13cdc9d9-ddb5-4fa4-a97d-d965ccfc6d4b" outcome="Passed" testListId="8c84fa94-04c1-424b-9868-57a2d4851a1d" relativeResultsDirectory="6dcae8f6-a5f6-4dab-a9b6-682cc9068d37">
    </UnitTestResult>
    <UnitTestResult executionId="5ef8fc4e-f20c-495b-bb3a-c06544d2ba52" testId="b423e4e4-8842-b410-2a06-1396b6889675" testName="SaveEmployee" computerName="UNIVERSE" duration="00:00:00.0067365" startTime="2011-09-17T17:32:27.1825791+10:00" endTime="2011-09-17T17:32:27.1905795+10:00" testType="13cdc9d9-ddb5-4fa4-a97d-d965ccfc6d4b" outcome="Passed" testListId="8c84fa94-04c1-424b-9868-57a2d4851a1d" relativeResultsDirectory="5ef8fc4e-f20c-495b-bb3a-c06544d2ba52">
    </UnitTestResult>
  </Results>
</TestRun>