<?xml version="1.0" encoding="UTF-8"?>
<TestRun id="f477b4df-f798-4d5e-a7a8-5089ad3ec95b" name="graeme@UNIVERSE 2011-09-17 18:09:56" runUser="Universe\graeme" xmlns="http://microsoft.com/schemas/VisualStudio/TeamTest/2010">
  <TestSettings name="Local" id="e920189b-fed0-46c2-83c6-cc62807d3a99">
    <Description>These are default test settings for a local test run.</Description>
    <Deployment enabled="false" runDeploymentRoot="graeme_UNIVERSE 2011-09-17 18_09_56" />
    <Execution>
      <TestTypeSpecific />
      <AgentRule name="Execution Agents">
      </AgentRule>
    </Execution>
  </TestSettings>
  <Times creation="2011-09-17T18:09:56.9582589+10:00" queuing="2011-09-17T18:09:57.2512756+10:00" start="2011-09-17T18:09:57.5442924+10:00" finish="2011-09-17T18:09:57.7873063+10:00" />
  <ResultSummary outcome="Completed">
    <Counters total="1" executed="1" passed="1" error="0" failed="0" timeout="0" aborted="0" inconclusive="0" passedButRunAborted="0" notRunnable="0" notExecuted="0" disconnected="0" warning="0" completed="0" inProgress="0" pending="0" />
  </ResultSummary>
  <TestDefinitions>
    <UnitTest name="UpdateEmployee" storage="c:\users\graeme\documents\visual studio 2010\projects\ctraderemployees\ctraderemployeestests\bin\debug\ctraderemployeestests.dll" id="cede7b58-9d55-861d-b036-3054eccd6243">
      <Execution timeOut="1800000" id="e4d9508e-bcfb-4437-9214-a257b2f5997e" />
      <TestMethod codeBase="C:/Users/graeme/documents/visual studio 2010/Projects/CTraderEmployees/CTraderEmployeesTests/bin/Debug/CTraderEmployeesTests.DLL" adapterTypeName="Microsoft.VisualStudio.TestTools.TestTypes.Unit.UnitTestAdapter, Microsoft.VisualStudio.QualityTools.Tips.UnitTest.Adapter, Version=10.0.0.0, Culture=neutral, PublicKeyToken=b03f5f7f11d50a3a" className="CTraderEmployeesTests.EmployeeTests, CTraderEmployeesTests, Version=1.0.0.0, Culture=neutral, PublicKeyToken=null" name="UpdateEmployee" />
    </UnitTest>
  </TestDefinitions>
  <TestLists>
    <TestList name="Results Not in a List" id="8c84fa94-04c1-424b-9868-57a2d4851a1d" />
    <TestList name="All Loaded Results" id="19431567-8539-422a-85d7-44ee4e166bda" />
  </TestLists>
  <TestEntries>
    <TestEntry testId="cede7b58-9d55-861d-b036-3054eccd6243" executionId="e4d9508e-bcfb-4437-9214-a257b2f5997e" testListId="8c84fa94-04c1-424b-9868-57a2d4851a1d" />
  </TestEntries>
  <Results>
    <UnitTestResult executionId="e4d9508e-bcfb-4437-9214-a257b2f5997e" testId="cede7b58-9d55-861d-b036-3054eccd6243" testName="UpdateEmployee" computerName="UNIVERSE" duration="00:00:00.0487745" startTime="2011-09-17T18:09:57.5842947+10:00" endTime="2011-09-17T18:09:57.7053016+10:00" testType="13cdc9d9-ddb5-4fa4-a97d-d965ccfc6d4b" outcome="Passed" testListId="8c84fa94-04c1-424b-9868-57a2d4851a1d" relativeResultsDirectory="e4d9508e-bcfb-4437-9214-a257b2f5997e">
    </UnitTestResult>
  </Results>
</TestRun>