<?xml version="1.0" encoding="UTF-8"?>
<TestRun id="64f92688-ffd1-49db-b2da-5642b9b1325d" name="graeme@UNIVERSE 2011-09-17 15:39:54" runUser="Universe\graeme" xmlns="http://microsoft.com/schemas/VisualStudio/TeamTest/2010">
  <TestSettings name="Local" id="e920189b-fed0-46c2-83c6-cc62807d3a99">
    <Description>These are default test settings for a local test run.</Description>
    <Deployment enabled="false" runDeploymentRoot="graeme_UNIVERSE 2011-09-17 15_39_54" />
    <Execution>
      <TestTypeSpecific />
      <AgentRule name="Execution Agents">
      </AgentRule>
    </Execution>
  </TestSettings>
  <Times creation="2011-09-17T15:39:54.7903643+10:00" queuing="2011-09-17T15:39:55.4954046+10:00" start="2011-09-17T15:39:55.9194289+10:00" finish="2011-09-17T15:39:56.4164573+10:00" />
  <ResultSummary outcome="Failed">
    <Counters total="6" executed="6" passed="2" error="0" failed="4" timeout="0" aborted="0" inconclusive="0" passedButRunAborted="0" notRunnable="0" notExecuted="0" disconnected="0" warning="0" completed="0" inProgress="0" pending="0" />
  </ResultSummary>
  <TestDefinitions>
    <UnitTest name="CreateFile" storage="c:\users\graeme\documents\visual studio 2010\projects\ctraderemployees\ctraderemployeestests\bin\debug\ctraderemployeestests.dll" id="238caa62-8e4b-18f5-e130-74cbaddee443">
      <Execution timeOut="1800000" id="a76c71d7-e1ac-4731-a7ba-0d288caaceed" />
      <TestMethod codeBase="C:/Users/graeme/documents/visual studio 2010/Projects/CTraderEmployees/CTraderEmployeesTests/bin/Debug/CTraderEmployeesTests.DLL" adapterTypeName="Microsoft.VisualStudio.TestTools.TestTypes.Unit.UnitTestAdapter, Microsoft.VisualStudio.QualityTools.Tips.UnitTest.Adapter, Version=10.0.0.0, Culture=neutral, PublicKeyToken=b03f5f7f11d50a3a" className="CTraderEmployeesTests.ConfigTests, CTraderEmployeesTests, Version=1.0.0.0, Culture=neutral, PublicKeyToken=null" name="CreateFile" />
    </UnitTest>
    <UnitTest name="InvalidPath" storage="c:\users\graeme\documents\visual studio 2010\projects\ctraderemployees\ctraderemployeestests\bin\debug\ctraderemployeestests.dll" id="b8e3a127-60fb-d15a-38dd-91050e14e18a">
      <Execution timeOut="1800000" id="55b40ef2-3615-4d10-a399-cb401a66b9c9" />
      <TestMethod codeBase="C:/Users/graeme/documents/visual studio 2010/Projects/CTraderEmployees/CTraderEmployeesTests/bin/Debug/CTraderEmployeesTests.DLL" adapterTypeName="Microsoft.VisualStudio.TestTools.TestTypes.Unit.UnitTestAdapter, Microsoft.VisualStudio.QualityTools.Tips.UnitTest.Adapter, Version=10.0.0.0, Culture=neutral, PublicKeyToken=b03f5f7f11d50a3a" className="CTraderEmployeesTests.ConfigTests, CTraderEmployeesTests, Version=1.0.0.0, Culture=neutral, PublicKeyToken=null" name="InvalidPath" />
    </UnitTest>
    <UnitTest name="EmployeeExists" storage="c:\users\graeme\documents\visual studio 2010\projects\ctraderemployees\ctraderemployeestests\bin\debug\ctraderemployeestests.dll" id="757e021e-7e12-bd83-283a-0c43141c041d">
      <Execution timeOut="1800000" id="d0e275c0-e14b-427c-96c4-94931e0b46de" />
      <TestMethod codeBase="C:/Users/graeme/documents/visual studio 2010/Projects/CTraderEmployees/CTraderEmployeesTests/bin/Debug/CTraderEmployeesTests.DLL" adapterTypeName="Microsoft.VisualStudio.TestTools.TestTypes.Unit.UnitTestAdapter, Microsoft.VisualStudio.QualityTools.Tips.UnitTest.Adapter, Version=10.0.0.0, Culture=neutral, PublicKeyToken=b03f5f7f11d50a3a" className="CTraderEmployeesTests.EmployeeTests, CTraderEmployeesTests, Version=1.0.0.0, Culture=neutral, PublicKeyToken=null" name="EmployeeExists" />
    </UnitTest>
    <UnitTest name="EmployeeHasFields" storage="c:\users\graeme\documents\visual studio 2010\projects\ctraderemployees\ctraderemployeestests\bin\debug\ctraderemployeestests.dll" id="704be9be-c4fa-23ad-07df-cfc9e4bfa6e7">
      <Execution timeOut="1800000" id="155f73ae-37fa-484d-9d09-07143e0668dd" />
      <TestMethod codeBase="C:/Users/graeme/documents/visual studio 2010/Projects/CTraderEmployees/CTraderEmployeesTests/bin/Debug/CTraderEmployeesTests.DLL" adapterTypeName="Microsoft.VisualStudio.TestTools.TestTypes.Unit.UnitTestAdapter, Microsoft.VisualStudio.QualityTools.Tips.UnitTest.Adapter, Version=10.0.0.0, Culture=neutral, PublicKeyToken=b03f5f7f11d50a3a" className="CTraderEmployeesTests.EmployeeTests, CTraderEmployeesTests, Version=1.0.0.0, Culture=neutral, PublicKeyToken=null" name="EmployeeHasFields" />
    </UnitTest>
    <UnitTest name="ConfigHasPath" storage="c:\users\graeme\documents\visual studio 2010\projects\ctraderemployees\ctraderemployeestests\bin\debug\ctraderemployeestests.dll" id="750b2ed7-8531-78d8-975c-8b53fd505641">
      <Execution timeOut="1800000" id="bffb21f1-1313-4582-8037-5673cb36870e" />
      <TestMethod codeBase="C:/Users/graeme/documents/visual studio 2010/Projects/CTraderEmployees/CTraderEmployeesTests/bin/Debug/CTraderEmployeesTests.DLL" adapterTypeName="Microsoft.VisualStudio.TestTools.TestTypes.Unit.UnitTestAdapter, Microsoft.VisualStudio.QualityTools.Tips.UnitTest.Adapter, Version=10.0.0.0, Culture=neutral, PublicKeyToken=b03f5f7f11d50a3a" className="CTraderEmployeesTests.ConfigTests, CTraderEmployeesTests, Version=1.0.0.0, Culture=neutral, PublicKeyToken=null" name="ConfigHasPath" />
    </UnitTest>
    <UnitTest name="ConfigExists" storage="c:\users\graeme\documents\visual studio 2010\projects\ctraderemployees\ctraderemployeestests\bin\debug\ctraderemployeestests.dll" id="5dafe0aa-4690-22d9-56bc-90a1639b3f6b">
      <Execution timeOut="1800000" id="15e42cf4-f09f-454c-a377-b14ac0903a97" />
      <TestMethod codeBase="C:/Users/graeme/documents/visual studio 2010/Projects/CTraderEmployees/CTraderEmployeesTests/bin/Debug/CTraderEmployeesTests.DLL" adapterTypeName="Microsoft.VisualStudio.TestTools.TestTypes.Unit.UnitTestAdapter, Microsoft.VisualStudio.QualityTools.Tips.UnitTest.Adapter, Version=10.0.0.0, Culture=neutral, PublicKeyToken=b03f5f7f11d50a3a" className="CTraderEmployeesTests.ConfigTests, CTraderEmployeesTests, Version=1.0.0.0, Culture=neutral, PublicKeyToken=null" name="ConfigExists" />
    </UnitTest>
  </TestDefinitions>
  <TestLists>
    <TestList name="Results Not in a List" id="8c84fa94-04c1-424b-9868-57a2d4851a1d" />
    <TestList name="All Loaded Results" id="19431567-8539-422a-85d7-44ee4e166bda" />
  </TestLists>
  <TestEntries>
    <TestEntry testId="5dafe0aa-4690-22d9-56bc-90a1639b3f6b" executionId="15e42cf4-f09f-454c-a377-b14ac0903a97" testListId="8c84fa94-04c1-424b-9868-57a2d4851a1d" />
    <TestEntry testId="750b2ed7-8531-78d8-975c-8b53fd505641" executionId="bffb21f1-1313-4582-8037-5673cb36870e" testListId="8c84fa94-04c1-424b-9868-57a2d4851a1d" />
    <TestEntry testId="238caa62-8e4b-18f5-e130-74cbaddee443" executionId="a76c71d7-e1ac-4731-a7ba-0d288caaceed" testListId="8c84fa94-04c1-424b-9868-57a2d4851a1d" />
    <TestEntry testId="b8e3a127-60fb-d15a-38dd-91050e14e18a" executionId="55b40ef2-3615-4d10-a399-cb401a66b9c9" testListId="8c84fa94-04c1-424b-9868-57a2d4851a1d" />
    <TestEntry testId="757e021e-7e12-bd83-283a-0c43141c041d" executionId="d0e275c0-e14b-427c-96c4-94931e0b46de" testListId="8c84fa94-04c1-424b-9868-57a2d4851a1d" />
    <TestEntry testId="704be9be-c4fa-23ad-07df-cfc9e4bfa6e7" executionId="155f73ae-37fa-484d-9d09-07143e0668dd" testListId="8c84fa94-04c1-424b-9868-57a2d4851a1d" />
  </TestEntries>
  <Results>
    <UnitTestResult executionId="15e42cf4-f09f-454c-a377-b14ac0903a97" testId="5dafe0aa-4690-22d9-56bc-90a1639b3f6b" testName="ConfigExists" computerName="UNIVERSE" duration="00:00:00.0897294" startTime="2011-09-17T15:39:55.9934331+10:00" endTime="2011-09-17T15:39:56.1814439+10:00" testType="13cdc9d9-ddb5-4fa4-a97d-d965ccfc6d4b" outcome="Failed" testListId="8c84fa94-04c1-424b-9868-57a2d4851a1d" relativeResultsDirectory="15e42cf4-f09f-454c-a377-b14ac0903a97">
      <Output>
        <ErrorInfo>
          <Message>Initialization method CTraderEmployeesTests.ConfigTests.CreateConfig threw exception. System.IO.FileNotFoundException: System.IO.FileNotFoundException: Unable to find the specified file..</Message>
          <StackTrace>    at CTraderEmployees.Models.Config.set_Path(String value) in C:\Users\graeme\documents\visual studio 2010\Projects\CTraderEmployees\CTraderEmployees\Models\Config.cs:line 17
   at CTraderEmployeesTests.ConfigTests.CreateConfig() in C:\Users\graeme\documents\visual studio 2010\Projects\CTraderEmployees\CTraderEmployeesTests\ConfigTests.cs:line 19
</StackTrace>
        </ErrorInfo>
      </Output>
    </UnitTestResult>
    <UnitTestResult executionId="bffb21f1-1313-4582-8037-5673cb36870e" testId="750b2ed7-8531-78d8-975c-8b53fd505641" testName="ConfigHasPath" computerName="UNIVERSE" duration="00:00:00.0020789" startTime="2011-09-17T15:39:56.1874442+10:00" endTime="2011-09-17T15:39:56.1974448+10:00" testType="13cdc9d9-ddb5-4fa4-a97d-d965ccfc6d4b" outcome="Failed" testListId="8c84fa94-04c1-424b-9868-57a2d4851a1d" relativeResultsDirectory="bffb21f1-1313-4582-8037-5673cb36870e">
      <Output>
        <ErrorInfo>
          <Message>Initialization method CTraderEmployeesTests.ConfigTests.CreateConfig threw exception. System.IO.FileNotFoundException: System.IO.FileNotFoundException: Unable to find the specified file..</Message>
          <StackTrace>    at CTraderEmployees.Models.Config.set_Path(String value) in C:\Users\graeme\documents\visual studio 2010\Projects\CTraderEmployees\CTraderEmployees\Models\Config.cs:line 17
   at CTraderEmployeesTests.ConfigTests.CreateConfig() in C:\Users\graeme\documents\visual studio 2010\Projects\CTraderEmployees\CTraderEmployeesTests\ConfigTests.cs:line 19
</StackTrace>
        </ErrorInfo>
      </Output>
    </UnitTestResult>
    <UnitTestResult executionId="a76c71d7-e1ac-4731-a7ba-0d288caaceed" testId="238caa62-8e4b-18f5-e130-74cbaddee443" testName="CreateFile" computerName="UNIVERSE" duration="00:00:00.0165768" startTime="2011-09-17T15:39:56.2004450+10:00" endTime="2011-09-17T15:39:56.2234463+10:00" testType="13cdc9d9-ddb5-4fa4-a97d-d965ccfc6d4b" outcome="Failed" testListId="8c84fa94-04c1-424b-9868-57a2d4851a1d" relativeResultsDirectory="a76c71d7-e1ac-4731-a7ba-0d288caaceed">
      <Output>
        <ErrorInfo>
          <Message>Initialization method CTraderEmployeesTests.ConfigTests.CreateConfig threw exception. System.IO.FileNotFoundException: System.IO.FileNotFoundException: Unable to find the specified file..</Message>
          <StackTrace>    at CTraderEmployees.Models.Config.set_Path(String value) in C:\Users\graeme\documents\visual studio 2010\Projects\CTraderEmployees\CTraderEmployees\Models\Config.cs:line 17
   at CTraderEmployeesTests.ConfigTests.CreateConfig() in C:\Users\graeme\documents\visual studio 2010\Projects\CTraderEmployees\CTraderEmployeesTests\ConfigTests.cs:line 19
</StackTrace>
        </ErrorInfo>
      </Output>
    </UnitTestResult>
    <UnitTestResult executionId="55b40ef2-3615-4d10-a399-cb401a66b9c9" testId="b8e3a127-60fb-d15a-38dd-91050e14e18a" testName="InvalidPath" computerName="UNIVERSE" duration="00:00:00.0008803" startTime="2011-09-17T15:39:56.2264465+10:00" endTime="2011-09-17T15:39:56.2274465+10:00" testType="13cdc9d9-ddb5-4fa4-a97d-d965ccfc6d4b" outcome="Failed" testListId="8c84fa94-04c1-424b-9868-57a2d4851a1d" relativeResultsDirectory="55b40ef2-3615-4d10-a399-cb401a66b9c9">
      <Output>
        <ErrorInfo>
          <Message>Initialization method CTraderEmployeesTests.ConfigTests.CreateConfig threw exception. System.IO.FileNotFoundException: System.IO.FileNotFoundException: Unable to find the specified file..</Message>
          <StackTrace>    at CTraderEmployees.Models.Config.set_Path(String value) in C:\Users\graeme\documents\visual studio 2010\Projects\CTraderEmployees\CTraderEmployees\Models\Config.cs:line 17
   at CTraderEmployeesTests.ConfigTests.CreateConfig() in C:\Users\graeme\documents\visual studio 2010\Projects\CTraderEmployees\CTraderEmployeesTests\ConfigTests.cs:line 19
</StackTrace>
        </ErrorInfo>
      </Output>
    </UnitTestResult>
    <UnitTestResult executionId="d0e275c0-e14b-427c-96c4-94931e0b46de" testId="757e021e-7e12-bd83-283a-0c43141c041d" testName="EmployeeExists" computerName="UNIVERSE" duration="00:00:00.0071523" startTime="2011-09-17T15:39:56.2304467+10:00" endTime="2011-09-17T15:39:56.2644486+10:00" testType="13cdc9d9-ddb5-4fa4-a97d-d965ccfc6d4b" outcome="Passed" testListId="8c84fa94-04c1-424b-9868-57a2d4851a1d" relativeResultsDirectory="d0e275c0-e14b-427c-96c4-94931e0b46de">
    </UnitTestResult>
    <UnitTestResult executionId="155f73ae-37fa-484d-9d09-07143e0668dd" testId="704be9be-c4fa-23ad-07df-cfc9e4bfa6e7" testName="EmployeeHasFields" computerName="UNIVERSE" duration="00:00:00.0080132" startTime="2011-09-17T15:39:56.2784494+10:00" endTime="2011-09-17T15:39:56.3114513+10:00" testType="13cdc9d9-ddb5-4fa4-a97d-d965ccfc6d4b" outcome="Passed" testListId="8c84fa94-04c1-424b-9868-57a2d4851a1d" relativeResultsDirectory="155f73ae-37fa-484d-9d09-07143e0668dd">
    </UnitTestResult>
  </Results>
</TestRun>