<?xml version="1.0" encoding="UTF-8"?>
<TestRun id="0f6591fe-0f23-431e-9fad-4dca122fd8d9" name="graeme@UNIVERSE 2011-09-17 14:16:39" runUser="Universe\graeme" xmlns="http://microsoft.com/schemas/VisualStudio/TeamTest/2010">
  <TestSettings name="Local" id="e920189b-fed0-46c2-83c6-cc62807d3a99">
    <Description>These are default test settings for a local test run.</Description>
    <Deployment enabled="false" runDeploymentRoot="graeme_UNIVERSE 2011-09-17 14_16_39" />
    <Execution>
      <TestTypeSpecific />
      <AgentRule name="Execution Agents">
      </AgentRule>
    </Execution>
  </TestSettings>
  <Times creation="2011-09-17T14:16:39.9706770+10:00" queuing="2011-09-17T14:16:40.2606936+10:00" start="2011-09-17T14:16:40.5447098+10:00" finish="2011-09-17T14:16:40.7647224+10:00" />
  <ResultSummary outcome="Completed">
    <Counters total="1" executed="1" passed="1" error="0" failed="0" timeout="0" aborted="0" inconclusive="0" passedButRunAborted="0" notRunnable="0" notExecuted="0" disconnected="0" warning="0" completed="0" inProgress="0" pending="0" />
  </ResultSummary>
  <TestDefinitions>
    <UnitTest name="ConfigHasFields" storage="c:\users\graeme\documents\visual studio 2010\projects\ctraderemployees\ctraderemployeestests\bin\debug\ctraderemployeestests.dll" id="d1d9ca8d-b624-fe26-1159-925041b6143d">
      <Execution timeOut="1800000" id="9d9bd6fa-528b-4c11-b189-c2eca0574f5f" />
      <TestMethod codeBase="C:/Users/graeme/documents/visual studio 2010/Projects/CTraderEmployees/CTraderEmployeesTests/bin/Debug/CTraderEmployeesTests.DLL" adapterTypeName="Microsoft.VisualStudio.TestTools.TestTypes.Unit.UnitTestAdapter, Microsoft.VisualStudio.QualityTools.Tips.UnitTest.Adapter, Version=10.0.0.0, Culture=neutral, PublicKeyToken=b03f5f7f11d50a3a" className="CTraderEmployeesTests.ConfigTests, CTraderEmployeesTests, Version=1.0.0.0, Culture=neutral, PublicKeyToken=null" name="ConfigHasFields" />
    </UnitTest>
  </TestDefinitions>
  <TestLists>
    <TestList name="Results Not in a List" id="8c84fa94-04c1-424b-9868-57a2d4851a1d" />
    <TestList name="All Loaded Results" id="19431567-8539-422a-85d7-44ee4e166bda" />
  </TestLists>
  <TestEntries>
    <TestEntry testId="d1d9ca8d-b624-fe26-1159-925041b6143d" executionId="9d9bd6fa-528b-4c11-b189-c2eca0574f5f" testListId="8c84fa94-04c1-424b-9868-57a2d4851a1d" />
  </TestEntries>
  <Results>
    <UnitTestResult executionId="9d9bd6fa-528b-4c11-b189-c2eca0574f5f" testId="d1d9ca8d-b624-fe26-1159-925041b6143d" testName="ConfigHasFields" computerName="UNIVERSE" duration="00:00:00.0318383" startTime="2011-09-17T14:16:40.5897124+10:00" endTime="2011-09-17T14:16:40.6837178+10:00" testType="13cdc9d9-ddb5-4fa4-a97d-d965ccfc6d4b" outcome="Passed" testListId="8c84fa94-04c1-424b-9868-57a2d4851a1d" relativeResultsDirectory="9d9bd6fa-528b-4c11-b189-c2eca0574f5f">
    </UnitTestResult>
  </Results>
</TestRun>