<?xml version="1.0" encoding="UTF-8"?>
<TestRun id="b64d59bd-4dd2-4eae-b109-c857a3e3d3c9" name="graeme@UNIVERSE 2011-09-17 18:42:05" runUser="Universe\graeme" xmlns="http://microsoft.com/schemas/VisualStudio/TeamTest/2010">
  <TestSettings name="Local" id="e920189b-fed0-46c2-83c6-cc62807d3a99">
    <Description>These are default test settings for a local test run.</Description>
    <Deployment enabled="false" runDeploymentRoot="graeme_UNIVERSE 2011-09-17 18_42_05" />
    <Execution>
      <TestTypeSpecific />
      <AgentRule name="Execution Agents">
      </AgentRule>
    </Execution>
  </TestSettings>
  <Times creation="2011-09-17T18:42:05.0485393+10:00" queuing="2011-09-17T18:42:05.3355557+10:00" start="2011-09-17T18:42:05.6945763+10:00" finish="2011-09-17T18:42:06.0265953+10:00" />
  <ResultSummary outcome="Failed">
    <Counters total="8" executed="8" passed="7" error="0" failed="1" timeout="0" aborted="0" inconclusive="0" passedButRunAborted="0" notRunnable="0" notExecuted="0" disconnected="0" warning="0" completed="0" inProgress="0" pending="0" />
  </ResultSummary>
  <TestDefinitions>
    <UnitTest name="ConfigHasPath" storage="c:\users\graeme\documents\visual studio 2010\projects\ctraderemployees\ctraderemployeestests\bin\debug\ctraderemployeestests.dll" id="2b6492f9-7a61-9c64-7cab-ab3c340d5086">
      <Execution timeOut="1800000" id="5d9e28ee-de05-49d7-a221-928c7e73d262" />
      <TestMethod codeBase="C:/Users/graeme/documents/visual studio 2010/Projects/CTraderEmployees/CTraderEmployeesTests/bin/Debug/CTraderEmployeesTests.DLL" adapterTypeName="Microsoft.VisualStudio.TestTools.TestTypes.Unit.UnitTestAdapter, Microsoft.VisualStudio.QualityTools.Tips.UnitTest.Adapter, Version=10.0.0.0, Culture=neutral, PublicKeyToken=b03f5f7f11d50a3a" className="CTraderEmployeesTests.DataStoreTests, CTraderEmployeesTests, Version=1.0.0.0, Culture=neutral, PublicKeyToken=null" name="ConfigHasPath" />
    </UnitTest>
    <UnitTest name="ConfigExists" storage="c:\users\graeme\documents\visual studio 2010\projects\ctraderemployees\ctraderemployeestests\bin\debug\ctraderemployeestests.dll" id="57d95bfb-8d99-bbaf-4bd2-0f85aa1ddd21">
      <Execution timeOut="1800000" id="f37129d4-186a-4311-a280-a9a26a7c1507" />
      <TestMethod codeBase="C:/Users/graeme/documents/visual studio 2010/Projects/CTraderEmployees/CTraderEmployeesTests/bin/Debug/CTraderEmployeesTests.DLL" adapterTypeName="Microsoft.VisualStudio.TestTools.TestTypes.Unit.UnitTestAdapter, Microsoft.VisualStudio.QualityTools.Tips.UnitTest.Adapter, Version=10.0.0.0, Culture=neutral, PublicKeyToken=b03f5f7f11d50a3a" className="CTraderEmployeesTests.DataStoreTests, CTraderEmployeesTests, Version=1.0.0.0, Culture=neutral, PublicKeyToken=null" name="ConfigExists" />
    </UnitTest>
    <UnitTest name="SaveEmployee" storage="c:\users\graeme\documents\visual studio 2010\projects\ctraderemployees\ctraderemployeestests\bin\debug\ctraderemployeestests.dll" id="b423e4e4-8842-b410-2a06-1396b6889675">
      <Execution timeOut="1800000" id="ff32d15f-3765-4283-991f-4a9638f1886d" />
      <TestMethod codeBase="C:/Users/graeme/documents/visual studio 2010/Projects/CTraderEmployees/CTraderEmployeesTests/bin/Debug/CTraderEmployeesTests.DLL" adapterTypeName="Microsoft.VisualStudio.TestTools.TestTypes.Unit.UnitTestAdapter, Microsoft.VisualStudio.QualityTools.Tips.UnitTest.Adapter, Version=10.0.0.0, Culture=neutral, PublicKeyToken=b03f5f7f11d50a3a" className="CTraderEmployeesTests.EmployeeTests, CTraderEmployeesTests, Version=1.0.0.0, Culture=neutral, PublicKeyToken=null" name="SaveEmployee" />
    </UnitTest>
    <UnitTest name="InvalidPath" storage="c:\users\graeme\documents\visual studio 2010\projects\ctraderemployees\ctraderemployeestests\bin\debug\ctraderemployeestests.dll" id="99c4e911-dde2-b283-0235-03e51583b72e">
      <Execution timeOut="1800000" id="076da32c-005f-4019-baca-a56a5c256403" />
      <TestMethod codeBase="C:/Users/graeme/documents/visual studio 2010/Projects/CTraderEmployees/CTraderEmployeesTests/bin/Debug/CTraderEmployeesTests.DLL" adapterTypeName="Microsoft.VisualStudio.TestTools.TestTypes.Unit.UnitTestAdapter, Microsoft.VisualStudio.QualityTools.Tips.UnitTest.Adapter, Version=10.0.0.0, Culture=neutral, PublicKeyToken=b03f5f7f11d50a3a" className="CTraderEmployeesTests.DataStoreTests, CTraderEmployeesTests, Version=1.0.0.0, Culture=neutral, PublicKeyToken=null" name="InvalidPath" />
    </UnitTest>
    <UnitTest name="EmployeeExists" storage="c:\users\graeme\documents\visual studio 2010\projects\ctraderemployees\ctraderemployeestests\bin\debug\ctraderemployeestests.dll" id="757e021e-7e12-bd83-283a-0c43141c041d">
      <Execution timeOut="1800000" id="c831d075-d68d-48b6-8f2f-2f86d2a7b221" />
      <TestMethod codeBase="C:/Users/graeme/documents/visual studio 2010/Projects/CTraderEmployees/CTraderEmployeesTests/bin/Debug/CTraderEmployeesTests.DLL" adapterTypeName="Microsoft.VisualStudio.TestTools.TestTypes.Unit.UnitTestAdapter, Microsoft.VisualStudio.QualityTools.Tips.UnitTest.Adapter, Version=10.0.0.0, Culture=neutral, PublicKeyToken=b03f5f7f11d50a3a" className="CTraderEmployeesTests.EmployeeTests, CTraderEmployeesTests, Version=1.0.0.0, Culture=neutral, PublicKeyToken=null" name="EmployeeExists" />
    </UnitTest>
    <UnitTest name="EmployeeHasFields" storage="c:\users\graeme\documents\visual studio 2010\projects\ctraderemployees\ctraderemployeestests\bin\debug\ctraderemployeestests.dll" id="704be9be-c4fa-23ad-07df-cfc9e4bfa6e7">
      <Execution timeOut="1800000" id="5524adda-5bc2-43a3-85c9-ceaaf28d23ac" />
      <TestMethod codeBase="C:/Users/graeme/documents/visual studio 2010/Projects/CTraderEmployees/CTraderEmployeesTests/bin/Debug/CTraderEmployeesTests.DLL" adapterTypeName="Microsoft.VisualStudio.TestTools.TestTypes.Unit.UnitTestAdapter, Microsoft.VisualStudio.QualityTools.Tips.UnitTest.Adapter, Version=10.0.0.0, Culture=neutral, PublicKeyToken=b03f5f7f11d50a3a" className="CTraderEmployeesTests.EmployeeTests, CTraderEmployeesTests, Version=1.0.0.0, Culture=neutral, PublicKeyToken=null" name="EmployeeHasFields" />
    </UnitTest>
    <UnitTest name="UpdateEmployee" storage="c:\users\graeme\documents\visual studio 2010\projects\ctraderemployees\ctraderemployeestests\bin\debug\ctraderemployeestests.dll" id="cede7b58-9d55-861d-b036-3054eccd6243">
      <Execution timeOut="1800000" id="acc6768a-0c96-4369-ba79-a5da2c135ab0" />
      <TestMethod codeBase="C:/Users/graeme/documents/visual studio 2010/Projects/CTraderEmployees/CTraderEmployeesTests/bin/Debug/CTraderEmployeesTests.DLL" adapterTypeName="Microsoft.VisualStudio.TestTools.TestTypes.Unit.UnitTestAdapter, Microsoft.VisualStudio.QualityTools.Tips.UnitTest.Adapter, Version=10.0.0.0, Culture=neutral, PublicKeyToken=b03f5f7f11d50a3a" className="CTraderEmployeesTests.EmployeeTests, CTraderEmployeesTests, Version=1.0.0.0, Culture=neutral, PublicKeyToken=null" name="UpdateEmployee" />
    </UnitTest>
    <UnitTest name="RemoveFile" storage="c:\users\graeme\documents\visual studio 2010\projects\ctraderemployees\ctraderemployeestests\bin\debug\ctraderemployeestests.dll" id="d34304c9-2a82-70fd-ba1f-c94f3ba7da61">
      <Execution timeOut="1800000" id="b89b6c7e-1cd9-4228-90cf-bbdf3f8cdd3c" />
      <TestMethod codeBase="C:/Users/graeme/documents/visual studio 2010/Projects/CTraderEmployees/CTraderEmployeesTests/bin/Debug/CTraderEmployeesTests.DLL" adapterTypeName="Microsoft.VisualStudio.TestTools.TestTypes.Unit.UnitTestAdapter, Microsoft.VisualStudio.QualityTools.Tips.UnitTest.Adapter, Version=10.0.0.0, Culture=neutral, PublicKeyToken=b03f5f7f11d50a3a" className="CTraderEmployeesTests.DataStoreTests, CTraderEmployeesTests, Version=1.0.0.0, Culture=neutral, PublicKeyToken=null" name="RemoveFile" />
    </UnitTest>
  </TestDefinitions>
  <TestLists>
    <TestList name="Results Not in a List" id="8c84fa94-04c1-424b-9868-57a2d4851a1d" />
    <TestList name="All Loaded Results" id="19431567-8539-422a-85d7-44ee4e166bda" />
  </TestLists>
  <TestEntries>
    <TestEntry testId="57d95bfb-8d99-bbaf-4bd2-0f85aa1ddd21" executionId="f37129d4-186a-4311-a280-a9a26a7c1507" testListId="8c84fa94-04c1-424b-9868-57a2d4851a1d" />
    <TestEntry testId="2b6492f9-7a61-9c64-7cab-ab3c340d5086" executionId="5d9e28ee-de05-49d7-a221-928c7e73d262" testListId="8c84fa94-04c1-424b-9868-57a2d4851a1d" />
    <TestEntry testId="99c4e911-dde2-b283-0235-03e51583b72e" executionId="076da32c-005f-4019-baca-a56a5c256403" testListId="8c84fa94-04c1-424b-9868-57a2d4851a1d" />
    <TestEntry testId="d34304c9-2a82-70fd-ba1f-c94f3ba7da61" executionId="b89b6c7e-1cd9-4228-90cf-bbdf3f8cdd3c" testListId="8c84fa94-04c1-424b-9868-57a2d4851a1d" />
    <TestEntry testId="757e021e-7e12-bd83-283a-0c43141c041d" executionId="c831d075-d68d-48b6-8f2f-2f86d2a7b221" testListId="8c84fa94-04c1-424b-9868-57a2d4851a1d" />
    <TestEntry testId="704be9be-c4fa-23ad-07df-cfc9e4bfa6e7" executionId="5524adda-5bc2-43a3-85c9-ceaaf28d23ac" testListId="8c84fa94-04c1-424b-9868-57a2d4851a1d" />
    <TestEntry testId="b423e4e4-8842-b410-2a06-1396b6889675" executionId="ff32d15f-3765-4283-991f-4a9638f1886d" testListId="8c84fa94-04c1-424b-9868-57a2d4851a1d" />
    <TestEntry testId="cede7b58-9d55-861d-b036-3054eccd6243" executionId="acc6768a-0c96-4369-ba79-a5da2c135ab0" testListId="8c84fa94-04c1-424b-9868-57a2d4851a1d" />
  </TestEntries>
  <Results>
    <UnitTestResult executionId="f37129d4-186a-4311-a280-a9a26a7c1507" testId="57d95bfb-8d99-bbaf-4bd2-0f85aa1ddd21" testName="ConfigExists" computerName="UNIVERSE" duration="00:00:00.0355500" startTime="2011-09-17T18:42:05.7245780+10:00" endTime="2011-09-17T18:42:05.8255838+10:00" testType="13cdc9d9-ddb5-4fa4-a97d-d965ccfc6d4b" outcome="Passed" testListId="8c84fa94-04c1-424b-9868-57a2d4851a1d" relativeResultsDirectory="f37129d4-186a-4311-a280-a9a26a7c1507">
    </UnitTestResult>
    <UnitTestResult executionId="5d9e28ee-de05-49d7-a221-928c7e73d262" testId="2b6492f9-7a61-9c64-7cab-ab3c340d5086" testName="ConfigHasPath" computerName="UNIVERSE" duration="00:00:00.0026070" startTime="2011-09-17T18:42:05.8295840+10:00" endTime="2011-09-17T18:42:05.8345843+10:00" testType="13cdc9d9-ddb5-4fa4-a97d-d965ccfc6d4b" outcome="Passed" testListId="8c84fa94-04c1-424b-9868-57a2d4851a1d" relativeResultsDirectory="5d9e28ee-de05-49d7-a221-928c7e73d262">
    </UnitTestResult>
    <UnitTestResult executionId="076da32c-005f-4019-baca-a56a5c256403" testId="99c4e911-dde2-b283-0235-03e51583b72e" testName="InvalidPath" computerName="UNIVERSE" duration="00:00:00.0052939" startTime="2011-09-17T18:42:05.8365844+10:00" endTime="2011-09-17T18:42:05.8505852+10:00" testType="13cdc9d9-ddb5-4fa4-a97d-d965ccfc6d4b" outcome="Passed" testListId="8c84fa94-04c1-424b-9868-57a2d4851a1d" relativeResultsDirectory="076da32c-005f-4019-baca-a56a5c256403">
    </UnitTestResult>
    <UnitTestResult executionId="b89b6c7e-1cd9-4228-90cf-bbdf3f8cdd3c" testId="d34304c9-2a82-70fd-ba1f-c94f3ba7da61" testName="RemoveFile" computerName="UNIVERSE" duration="00:00:00.0069980" startTime="2011-09-17T18:42:05.8605858+10:00" endTime="2011-09-17T18:42:05.8685862+10:00" testType="13cdc9d9-ddb5-4fa4-a97d-d965ccfc6d4b" outcome="Passed" testListId="8c84fa94-04c1-424b-9868-57a2d4851a1d" relativeResultsDirectory="b89b6c7e-1cd9-4228-90cf-bbdf3f8cdd3c">
    </UnitTestResult>
    <UnitTestResult executionId="c831d075-d68d-48b6-8f2f-2f86d2a7b221" testId="757e021e-7e12-bd83-283a-0c43141c041d" testName="EmployeeExists" computerName="UNIVERSE" duration="00:00:00.0018314" startTime="2011-09-17T18:42:05.8725865+10:00" endTime="2011-09-17T18:42:05.8755866+10:00" testType="13cdc9d9-ddb5-4fa4-a97d-d965ccfc6d4b" outcome="Passed" testListId="8c84fa94-04c1-424b-9868-57a2d4851a1d" relativeResultsDirectory="c831d075-d68d-48b6-8f2f-2f86d2a7b221">
    </UnitTestResult>
    <UnitTestResult executionId="5524adda-5bc2-43a3-85c9-ceaaf28d23ac" testId="704be9be-c4fa-23ad-07df-cfc9e4bfa6e7" testName="EmployeeHasFields" computerName="UNIVERSE" duration="00:00:00.0064648" startTime="2011-09-17T18:42:05.8875873+10:00" endTime="2011-09-17T18:42:05.8965878+10:00" testType="13cdc9d9-ddb5-4fa4-a97d-d965ccfc6d4b" outcome="Passed" testListId="8c84fa94-04c1-424b-9868-57a2d4851a1d" relativeResultsDirectory="5524adda-5bc2-43a3-85c9-ceaaf28d23ac">
    </UnitTestResult>
    <UnitTestResult executionId="ff32d15f-3765-4283-991f-4a9638f1886d" testId="b423e4e4-8842-b410-2a06-1396b6889675" testName="SaveEmployee" computerName="UNIVERSE" duration="00:00:00.0072441" startTime="2011-09-17T18:42:05.9005881+10:00" endTime="2011-09-17T18:42:05.9105886+10:00" testType="13cdc9d9-ddb5-4fa4-a97d-d965ccfc6d4b" outcome="Passed" testListId="8c84fa94-04c1-424b-9868-57a2d4851a1d" relativeResultsDirectory="ff32d15f-3765-4283-991f-4a9638f1886d">
    </UnitTestResult>
    <UnitTestResult executionId="acc6768a-0c96-4369-ba79-a5da2c135ab0" testId="cede7b58-9d55-861d-b036-3054eccd6243" testName="UpdateEmployee" computerName="UNIVERSE" duration="00:00:00.0344511" startTime="2011-09-17T18:42:05.9135888+10:00" endTime="2011-09-17T18:42:05.9495909+10:00" testType="13cdc9d9-ddb5-4fa4-a97d-d965ccfc6d4b" outcome="Failed" testListId="8c84fa94-04c1-424b-9868-57a2d4851a1d" relativeResultsDirectory="acc6768a-0c96-4369-ba79-a5da2c135ab0">
      <Output>
        <ErrorInfo>
          <Message>Assert.AreNotEqual failed. Expected any value except:&lt;21d9fb81-bdf8-4c4e-b397-01018f30e90b|john|smith|Male|5|True&gt;. Actual:&lt;21d9fb81-bdf8-4c4e-b397-01018f30e90b|john|smith|Male|5|True&gt;. </Message>
          <StackTrace>   at CTraderEmployeesTests.EmployeeTests.UpdateEmployee() in C:\Users\graeme\documents\visual studio 2010\Projects\CTraderEmployees\CTraderEmployeesTests\EmployeeTests.cs:line 107
</StackTrace>
        </ErrorInfo>
      </Output>
    </UnitTestResult>
  </Results>
</TestRun>