<?xml version="1.0" encoding="UTF-8"?>
<TestRun id="4e5fb815-191a-4766-aaf3-9202be2e83c9" name="graeme@UNIVERSE 2011-09-17 16:40:48" runUser="Universe\graeme" xmlns="http://microsoft.com/schemas/VisualStudio/TeamTest/2010">
  <TestSettings name="Local" id="e920189b-fed0-46c2-83c6-cc62807d3a99">
    <Description>These are default test settings for a local test run.</Description>
    <Deployment enabled="false" runDeploymentRoot="graeme_UNIVERSE 2011-09-17 16_40_48" />
    <Execution>
      <TestTypeSpecific />
      <AgentRule name="Execution Agents">
      </AgentRule>
    </Execution>
  </TestSettings>
  <Times creation="2011-09-17T16:40:48.1723258+10:00" queuing="2011-09-17T16:40:48.6043505+10:00" start="2011-09-17T16:40:48.9783719+10:00" finish="2011-09-17T16:41:08.3404794+10:00" />
  <ResultSummary outcome="Completed">
    <Counters total="1" executed="1" passed="1" error="0" failed="0" timeout="0" aborted="0" inconclusive="0" passedButRunAborted="0" notRunnable="0" notExecuted="0" disconnected="0" warning="0" completed="0" inProgress="0" pending="0" />
  </ResultSummary>
  <TestDefinitions>
    <UnitTest name="ConfigHasPath" storage="c:\users\graeme\documents\visual studio 2010\projects\ctraderemployees\ctraderemployeestests\bin\debug\ctraderemployeestests.dll" id="750b2ed7-8531-78d8-975c-8b53fd505641">
      <Execution timeOut="1800000" id="e0416bbd-ab94-45f0-b867-fb89f639f868" />
      <TestMethod codeBase="C:/Users/graeme/documents/visual studio 2010/Projects/CTraderEmployees/CTraderEmployeesTests/bin/Debug/CTraderEmployeesTests.DLL" adapterTypeName="Microsoft.VisualStudio.TestTools.TestTypes.Unit.UnitTestAdapter, Microsoft.VisualStudio.QualityTools.Tips.UnitTest.Adapter, Version=10.0.0.0, Culture=neutral, PublicKeyToken=b03f5f7f11d50a3a" className="CTraderEmployeesTests.ConfigTests, CTraderEmployeesTests, Version=1.0.0.0, Culture=neutral, PublicKeyToken=null" name="ConfigHasPath" />
    </UnitTest>
  </TestDefinitions>
  <TestLists>
    <TestList name="Results Not in a List" id="8c84fa94-04c1-424b-9868-57a2d4851a1d" />
    <TestList name="All Loaded Results" id="19431567-8539-422a-85d7-44ee4e166bda" />
  </TestLists>
  <TestEntries>
    <TestEntry testId="750b2ed7-8531-78d8-975c-8b53fd505641" executionId="e0416bbd-ab94-45f0-b867-fb89f639f868" testListId="8c84fa94-04c1-424b-9868-57a2d4851a1d" />
  </TestEntries>
  <Results>
    <UnitTestResult executionId="e0416bbd-ab94-45f0-b867-fb89f639f868" testId="750b2ed7-8531-78d8-975c-8b53fd505641" testName="ConfigHasPath" computerName="UNIVERSE" duration="00:00:18.9197728" startTime="2011-09-17T16:40:49.1063792+10:00" endTime="2011-09-17T16:41:08.2184724+10:00" testType="13cdc9d9-ddb5-4fa4-a97d-d965ccfc6d4b" outcome="Passed" testListId="8c84fa94-04c1-424b-9868-57a2d4851a1d" relativeResultsDirectory="e0416bbd-ab94-45f0-b867-fb89f639f868">
    </UnitTestResult>
  </Results>
</TestRun>