<?xml version="1.0" encoding="UTF-8"?>
<TestRun id="e4160f36-c836-404d-841e-8038eaaefaa9" name="graeme@UNIVERSE 2011-09-17 16:59:16" runUser="Universe\graeme" xmlns="http://microsoft.com/schemas/VisualStudio/TeamTest/2010">
  <TestSettings name="Local" id="e920189b-fed0-46c2-83c6-cc62807d3a99">
    <Description>These are default test settings for a local test run.</Description>
    <Deployment enabled="false" runDeploymentRoot="graeme_UNIVERSE 2011-09-17 16_59_16" />
    <Execution>
      <TestTypeSpecific />
      <AgentRule name="Execution Agents">
      </AgentRule>
    </Execution>
  </TestSettings>
  <Times creation="2011-09-17T16:59:16.6147251+10:00" queuing="2011-09-17T16:59:16.9117421+10:00" start="2011-09-17T16:59:17.2377607+10:00" finish="2011-09-17T16:59:17.5527787+10:00" />
  <ResultSummary outcome="Failed">
    <Counters total="8" executed="8" passed="4" error="0" failed="4" timeout="0" aborted="0" inconclusive="0" passedButRunAborted="0" notRunnable="0" notExecuted="0" disconnected="0" warning="0" completed="0" inProgress="0" pending="0" />
  </ResultSummary>
  <TestDefinitions>
    <UnitTest name="CreateFile" storage="c:\users\graeme\documents\visual studio 2010\projects\ctraderemployees\ctraderemployeestests\bin\debug\ctraderemployeestests.dll" id="238caa62-8e4b-18f5-e130-74cbaddee443">
      <Execution timeOut="1800000" id="78b69d97-72b6-49c1-a47b-7182f68ea179" />
      <TestMethod codeBase="C:/Users/graeme/documents/visual studio 2010/Projects/CTraderEmployees/CTraderEmployeesTests/bin/Debug/CTraderEmployeesTests.DLL" adapterTypeName="Microsoft.VisualStudio.TestTools.TestTypes.Unit.UnitTestAdapter, Microsoft.VisualStudio.QualityTools.Tips.UnitTest.Adapter, Version=10.0.0.0, Culture=neutral, PublicKeyToken=b03f5f7f11d50a3a" className="CTraderEmployeesTests.ConfigTests, CTraderEmployeesTests, Version=1.0.0.0, Culture=neutral, PublicKeyToken=null" name="CreateFile" />
    </UnitTest>
    <UnitTest name="InvalidPath" storage="c:\users\graeme\documents\visual studio 2010\projects\ctraderemployees\ctraderemployeestests\bin\debug\ctraderemployeestests.dll" id="b8e3a127-60fb-d15a-38dd-91050e14e18a">
      <Execution timeOut="1800000" id="648c1f68-cb5e-4f4b-852e-8a0b504889d3" />
      <TestMethod codeBase="C:/Users/graeme/documents/visual studio 2010/Projects/CTraderEmployees/CTraderEmployeesTests/bin/Debug/CTraderEmployeesTests.DLL" adapterTypeName="Microsoft.VisualStudio.TestTools.TestTypes.Unit.UnitTestAdapter, Microsoft.VisualStudio.QualityTools.Tips.UnitTest.Adapter, Version=10.0.0.0, Culture=neutral, PublicKeyToken=b03f5f7f11d50a3a" className="CTraderEmployeesTests.ConfigTests, CTraderEmployeesTests, Version=1.0.0.0, Culture=neutral, PublicKeyToken=null" name="InvalidPath" />
    </UnitTest>
    <UnitTest name="SaveEmployee" storage="c:\users\graeme\documents\visual studio 2010\projects\ctraderemployees\ctraderemployeestests\bin\debug\ctraderemployeestests.dll" id="b423e4e4-8842-b410-2a06-1396b6889675">
      <Execution timeOut="1800000" id="25d3bea8-0516-447f-a9e4-5259612ba705" />
      <TestMethod codeBase="C:/Users/graeme/documents/visual studio 2010/Projects/CTraderEmployees/CTraderEmployeesTests/bin/Debug/CTraderEmployeesTests.DLL" adapterTypeName="Microsoft.VisualStudio.TestTools.TestTypes.Unit.UnitTestAdapter, Microsoft.VisualStudio.QualityTools.Tips.UnitTest.Adapter, Version=10.0.0.0, Culture=neutral, PublicKeyToken=b03f5f7f11d50a3a" className="CTraderEmployeesTests.EmployeeTests, CTraderEmployeesTests, Version=1.0.0.0, Culture=neutral, PublicKeyToken=null" name="SaveEmployee" />
    </UnitTest>
    <UnitTest name="RemoveFile" storage="c:\users\graeme\documents\visual studio 2010\projects\ctraderemployees\ctraderemployeestests\bin\debug\ctraderemployeestests.dll" id="34939d99-5931-4bf7-0c08-87ffefe3fe7a">
      <Execution timeOut="1800000" id="2c9d49f6-5cd1-43c6-9383-a2ba40807284" />
      <TestMethod codeBase="C:/Users/graeme/documents/visual studio 2010/Projects/CTraderEmployees/CTraderEmployeesTests/bin/Debug/CTraderEmployeesTests.DLL" adapterTypeName="Microsoft.VisualStudio.TestTools.TestTypes.Unit.UnitTestAdapter, Microsoft.VisualStudio.QualityTools.Tips.UnitTest.Adapter, Version=10.0.0.0, Culture=neutral, PublicKeyToken=b03f5f7f11d50a3a" className="CTraderEmployeesTests.ConfigTests, CTraderEmployeesTests, Version=1.0.0.0, Culture=neutral, PublicKeyToken=null" name="RemoveFile" />
    </UnitTest>
    <UnitTest name="EmployeeHasFields" storage="c:\users\graeme\documents\visual studio 2010\projects\ctraderemployees\ctraderemployeestests\bin\debug\ctraderemployeestests.dll" id="704be9be-c4fa-23ad-07df-cfc9e4bfa6e7">
      <Execution timeOut="1800000" id="ffdd24b6-8910-44ed-ac13-495b2221b65a" />
      <TestMethod codeBase="C:/Users/graeme/documents/visual studio 2010/Projects/CTraderEmployees/CTraderEmployeesTests/bin/Debug/CTraderEmployeesTests.DLL" adapterTypeName="Microsoft.VisualStudio.TestTools.TestTypes.Unit.UnitTestAdapter, Microsoft.VisualStudio.QualityTools.Tips.UnitTest.Adapter, Version=10.0.0.0, Culture=neutral, PublicKeyToken=b03f5f7f11d50a3a" className="CTraderEmployeesTests.EmployeeTests, CTraderEmployeesTests, Version=1.0.0.0, Culture=neutral, PublicKeyToken=null" name="EmployeeHasFields" />
    </UnitTest>
    <UnitTest name="EmployeeExists" storage="c:\users\graeme\documents\visual studio 2010\projects\ctraderemployees\ctraderemployeestests\bin\debug\ctraderemployeestests.dll" id="757e021e-7e12-bd83-283a-0c43141c041d">
      <Execution timeOut="1800000" id="c3f24e81-526a-446d-8f3d-9f3054fa2eb9" />
      <TestMethod codeBase="C:/Users/graeme/documents/visual studio 2010/Projects/CTraderEmployees/CTraderEmployeesTests/bin/Debug/CTraderEmployeesTests.DLL" adapterTypeName="Microsoft.VisualStudio.TestTools.TestTypes.Unit.UnitTestAdapter, Microsoft.VisualStudio.QualityTools.Tips.UnitTest.Adapter, Version=10.0.0.0, Culture=neutral, PublicKeyToken=b03f5f7f11d50a3a" className="CTraderEmployeesTests.EmployeeTests, CTraderEmployeesTests, Version=1.0.0.0, Culture=neutral, PublicKeyToken=null" name="EmployeeExists" />
    </UnitTest>
    <UnitTest name="ConfigHasPath" storage="c:\users\graeme\documents\visual studio 2010\projects\ctraderemployees\ctraderemployeestests\bin\debug\ctraderemployeestests.dll" id="750b2ed7-8531-78d8-975c-8b53fd505641">
      <Execution timeOut="1800000" id="732eaa59-7113-4b42-ba8e-95c51606d67a" />
      <TestMethod codeBase="C:/Users/graeme/documents/visual studio 2010/Projects/CTraderEmployees/CTraderEmployeesTests/bin/Debug/CTraderEmployeesTests.DLL" adapterTypeName="Microsoft.VisualStudio.TestTools.TestTypes.Unit.UnitTestAdapter, Microsoft.VisualStudio.QualityTools.Tips.UnitTest.Adapter, Version=10.0.0.0, Culture=neutral, PublicKeyToken=b03f5f7f11d50a3a" className="CTraderEmployeesTests.ConfigTests, CTraderEmployeesTests, Version=1.0.0.0, Culture=neutral, PublicKeyToken=null" name="ConfigHasPath" />
    </UnitTest>
    <UnitTest name="ConfigExists" storage="c:\users\graeme\documents\visual studio 2010\projects\ctraderemployees\ctraderemployeestests\bin\debug\ctraderemployeestests.dll" id="5dafe0aa-4690-22d9-56bc-90a1639b3f6b">
      <Execution timeOut="1800000" id="d683f993-809b-4804-a802-f7aa5488ca65" />
      <TestMethod codeBase="C:/Users/graeme/documents/visual studio 2010/Projects/CTraderEmployees/CTraderEmployeesTests/bin/Debug/CTraderEmployeesTests.DLL" adapterTypeName="Microsoft.VisualStudio.TestTools.TestTypes.Unit.UnitTestAdapter, Microsoft.VisualStudio.QualityTools.Tips.UnitTest.Adapter, Version=10.0.0.0, Culture=neutral, PublicKeyToken=b03f5f7f11d50a3a" className="CTraderEmployeesTests.ConfigTests, CTraderEmployeesTests, Version=1.0.0.0, Culture=neutral, PublicKeyToken=null" name="ConfigExists" />
    </UnitTest>
  </TestDefinitions>
  <TestLists>
    <TestList name="Results Not in a List" id="8c84fa94-04c1-424b-9868-57a2d4851a1d" />
    <TestList name="All Loaded Results" id="19431567-8539-422a-85d7-44ee4e166bda" />
  </TestLists>
  <TestEntries>
    <TestEntry testId="5dafe0aa-4690-22d9-56bc-90a1639b3f6b" executionId="d683f993-809b-4804-a802-f7aa5488ca65" testListId="8c84fa94-04c1-424b-9868-57a2d4851a1d" />
    <TestEntry testId="750b2ed7-8531-78d8-975c-8b53fd505641" executionId="732eaa59-7113-4b42-ba8e-95c51606d67a" testListId="8c84fa94-04c1-424b-9868-57a2d4851a1d" />
    <TestEntry testId="238caa62-8e4b-18f5-e130-74cbaddee443" executionId="78b69d97-72b6-49c1-a47b-7182f68ea179" testListId="8c84fa94-04c1-424b-9868-57a2d4851a1d" />
    <TestEntry testId="b8e3a127-60fb-d15a-38dd-91050e14e18a" executionId="648c1f68-cb5e-4f4b-852e-8a0b504889d3" testListId="8c84fa94-04c1-424b-9868-57a2d4851a1d" />
    <TestEntry testId="34939d99-5931-4bf7-0c08-87ffefe3fe7a" executionId="2c9d49f6-5cd1-43c6-9383-a2ba40807284" testListId="8c84fa94-04c1-424b-9868-57a2d4851a1d" />
    <TestEntry testId="757e021e-7e12-bd83-283a-0c43141c041d" executionId="c3f24e81-526a-446d-8f3d-9f3054fa2eb9" testListId="8c84fa94-04c1-424b-9868-57a2d4851a1d" />
    <TestEntry testId="704be9be-c4fa-23ad-07df-cfc9e4bfa6e7" executionId="ffdd24b6-8910-44ed-ac13-495b2221b65a" testListId="8c84fa94-04c1-424b-9868-57a2d4851a1d" />
    <TestEntry testId="b423e4e4-8842-b410-2a06-1396b6889675" executionId="25d3bea8-0516-447f-a9e4-5259612ba705" testListId="8c84fa94-04c1-424b-9868-57a2d4851a1d" />
  </TestEntries>
  <Results>
    <UnitTestResult executionId="d683f993-809b-4804-a802-f7aa5488ca65" testId="5dafe0aa-4690-22d9-56bc-90a1639b3f6b" testName="ConfigExists" computerName="UNIVERSE" duration="00:00:00.0415792" startTime="2011-09-17T16:59:17.2497614+10:00" endTime="2011-09-17T16:59:17.3617678+10:00" testType="13cdc9d9-ddb5-4fa4-a97d-d965ccfc6d4b" outcome="Passed" testListId="8c84fa94-04c1-424b-9868-57a2d4851a1d" relativeResultsDirectory="d683f993-809b-4804-a802-f7aa5488ca65">
    </UnitTestResult>
    <UnitTestResult executionId="732eaa59-7113-4b42-ba8e-95c51606d67a" testId="750b2ed7-8531-78d8-975c-8b53fd505641" testName="ConfigHasPath" computerName="UNIVERSE" duration="00:00:00.0048607" startTime="2011-09-17T16:59:17.3717684+10:00" endTime="2011-09-17T16:59:17.3827690+10:00" testType="13cdc9d9-ddb5-4fa4-a97d-d965ccfc6d4b" outcome="Passed" testListId="8c84fa94-04c1-424b-9868-57a2d4851a1d" relativeResultsDirectory="732eaa59-7113-4b42-ba8e-95c51606d67a">
    </UnitTestResult>
    <UnitTestResult executionId="78b69d97-72b6-49c1-a47b-7182f68ea179" testId="238caa62-8e4b-18f5-e130-74cbaddee443" testName="CreateFile" computerName="UNIVERSE" duration="00:00:00.0056390" startTime="2011-09-17T16:59:17.3847691+10:00" endTime="2011-09-17T16:59:17.3987699+10:00" testType="13cdc9d9-ddb5-4fa4-a97d-d965ccfc6d4b" outcome="Passed" testListId="8c84fa94-04c1-424b-9868-57a2d4851a1d" relativeResultsDirectory="78b69d97-72b6-49c1-a47b-7182f68ea179">
    </UnitTestResult>
    <UnitTestResult executionId="648c1f68-cb5e-4f4b-852e-8a0b504889d3" testId="b8e3a127-60fb-d15a-38dd-91050e14e18a" testName="InvalidPath" computerName="UNIVERSE" duration="00:00:00.0042182" startTime="2011-09-17T16:59:17.4037702+10:00" endTime="2011-09-17T16:59:17.4097706+10:00" testType="13cdc9d9-ddb5-4fa4-a97d-d965ccfc6d4b" outcome="Passed" testListId="8c84fa94-04c1-424b-9868-57a2d4851a1d" relativeResultsDirectory="648c1f68-cb5e-4f4b-852e-8a0b504889d3">
    </UnitTestResult>
    <UnitTestResult executionId="2c9d49f6-5cd1-43c6-9383-a2ba40807284" testId="34939d99-5931-4bf7-0c08-87ffefe3fe7a" testName="RemoveFile" computerName="UNIVERSE" duration="00:00:00.0316990" startTime="2011-09-17T16:59:17.4127707+10:00" endTime="2011-09-17T16:59:17.4457726+10:00" testType="13cdc9d9-ddb5-4fa4-a97d-d965ccfc6d4b" outcome="Failed" testListId="8c84fa94-04c1-424b-9868-57a2d4851a1d" relativeResultsDirectory="2c9d49f6-5cd1-43c6-9383-a2ba40807284">
      <Output>
        <ErrorInfo>
          <Message>Test method CTraderEmployeesTests.ConfigTests.RemoveFile threw exception: 
System.IO.FileNotFoundException: Unable to find the specified file.</Message>
          <StackTrace>    at CTraderEmployees.Models.Config.set_Path(String value) in C:\Users\graeme\documents\visual studio 2010\Projects\CTraderEmployees\CTraderEmployees\Models\Config.cs:line 17
   at CTraderEmployeesTests.ConfigTests.RemoveFile() in C:\Users\graeme\documents\visual studio 2010\Projects\CTraderEmployees\CTraderEmployeesTests\ConfigTests.cs:line 53
</StackTrace>
        </ErrorInfo>
      </Output>
    </UnitTestResult>
    <UnitTestResult executionId="c3f24e81-526a-446d-8f3d-9f3054fa2eb9" testId="757e021e-7e12-bd83-283a-0c43141c041d" testName="EmployeeExists" computerName="UNIVERSE" duration="00:00:00.0021629" startTime="2011-09-17T16:59:17.4477727+10:00" endTime="2011-09-17T16:59:17.4647737+10:00" testType="13cdc9d9-ddb5-4fa4-a97d-d965ccfc6d4b" outcome="Failed" testListId="8c84fa94-04c1-424b-9868-57a2d4851a1d" relativeResultsDirectory="c3f24e81-526a-446d-8f3d-9f3054fa2eb9">
      <Output>
        <ErrorInfo>
          <Message>TestCleanup method CTraderEmployeesTests.EmployeeTests.RemoveDatastore threw exception. System.NotImplementedException: System.NotImplementedException: The method or operation is not implemented..</Message>
          <StackTrace>    at CTraderEmployees.Models.Config.RemoveDataStore() in C:\Users\graeme\documents\visual studio 2010\Projects\CTraderEmployees\CTraderEmployees\Models\Config.cs:line 34
   at CTraderEmployeesTests.EmployeeTests.RemoveDatastore() in C:\Users\graeme\documents\visual studio 2010\Projects\CTraderEmployees\CTraderEmployeesTests\EmployeeTests.cs:line 100
</StackTrace>
        </ErrorInfo>
      </Output>
    </UnitTestResult>
    <UnitTestResult executionId="ffdd24b6-8910-44ed-ac13-495b2221b65a" testId="704be9be-c4fa-23ad-07df-cfc9e4bfa6e7" testName="EmployeeHasFields" computerName="UNIVERSE" duration="00:00:00.0035075" startTime="2011-09-17T16:59:17.4677739+10:00" endTime="2011-09-17T16:59:17.4727742+10:00" testType="13cdc9d9-ddb5-4fa4-a97d-d965ccfc6d4b" outcome="Failed" testListId="8c84fa94-04c1-424b-9868-57a2d4851a1d" relativeResultsDirectory="ffdd24b6-8910-44ed-ac13-495b2221b65a">
      <Output>
        <ErrorInfo>
          <Message>TestCleanup method CTraderEmployeesTests.EmployeeTests.RemoveDatastore threw exception. System.NotImplementedException: System.NotImplementedException: The method or operation is not implemented..</Message>
          <StackTrace>    at CTraderEmployees.Models.Config.RemoveDataStore() in C:\Users\graeme\documents\visual studio 2010\Projects\CTraderEmployees\CTraderEmployees\Models\Config.cs:line 34
   at CTraderEmployeesTests.EmployeeTests.RemoveDatastore() in C:\Users\graeme\documents\visual studio 2010\Projects\CTraderEmployees\CTraderEmployeesTests\EmployeeTests.cs:line 100
</StackTrace>
        </ErrorInfo>
      </Output>
    </UnitTestResult>
    <UnitTestResult executionId="25d3bea8-0516-447f-a9e4-5259612ba705" testId="b423e4e4-8842-b410-2a06-1396b6889675" testName="SaveEmployee" computerName="UNIVERSE" duration="00:00:00.0005489" startTime="2011-09-17T16:59:17.4747743+10:00" endTime="2011-09-17T16:59:17.4767744+10:00" testType="13cdc9d9-ddb5-4fa4-a97d-d965ccfc6d4b" outcome="Failed" testListId="8c84fa94-04c1-424b-9868-57a2d4851a1d" relativeResultsDirectory="25d3bea8-0516-447f-a9e4-5259612ba705">
      <Output>
        <ErrorInfo>
          <Message>TestCleanup method CTraderEmployeesTests.EmployeeTests.RemoveDatastore threw exception. System.NotImplementedException: System.NotImplementedException: The method or operation is not implemented..</Message>
          <StackTrace>    at CTraderEmployees.Models.Config.RemoveDataStore() in C:\Users\graeme\documents\visual studio 2010\Projects\CTraderEmployees\CTraderEmployees\Models\Config.cs:line 34
   at CTraderEmployeesTests.EmployeeTests.RemoveDatastore() in C:\Users\graeme\documents\visual studio 2010\Projects\CTraderEmployees\CTraderEmployeesTests\EmployeeTests.cs:line 100
</StackTrace>
        </ErrorInfo>
      </Output>
    </UnitTestResult>
  </Results>
</TestRun>