<?xml version="1.0" encoding="UTF-8"?>
<TestRun id="687344cc-d67c-4074-8d97-f7d3dfd7d5bd" name="graeme@UNIVERSE 2011-09-17 12:02:51" runUser="Universe\graeme" xmlns="http://microsoft.com/schemas/VisualStudio/TeamTest/2010">
  <TestSettings name="Local" id="e920189b-fed0-46c2-83c6-cc62807d3a99">
    <Description>These are default test settings for a local test run.</Description>
    <Deployment enabled="false" runDeploymentRoot="graeme_UNIVERSE 2011-09-17 12_02_51" />
    <Execution>
      <TestTypeSpecific />
      <AgentRule name="Execution Agents">
      </AgentRule>
    </Execution>
  </TestSettings>
  <Times creation="2011-09-17T12:02:51.7494890+10:00" queuing="2011-09-17T12:02:52.3885255+10:00" start="2011-09-17T12:02:52.8055494+10:00" finish="2011-09-17T12:02:53.2155728+10:00" />
  <ResultSummary outcome="Completed">
    <Counters total="2" executed="2" passed="2" error="0" failed="0" timeout="0" aborted="0" inconclusive="0" passedButRunAborted="0" notRunnable="0" notExecuted="0" disconnected="0" warning="0" completed="0" inProgress="0" pending="0" />
  </ResultSummary>
  <TestDefinitions>
    <UnitTest name="EmployeeExists" storage="c:\users\graeme\documents\visual studio 2010\projects\ctraderemployees\ctraderemployeestests\bin\debug\ctraderemployeestests.dll" id="757e021e-7e12-bd83-283a-0c43141c041d">
      <Execution timeOut="1800000" id="415d1b48-bea7-4a89-999e-19bcc0dd2812" />
      <TestMethod codeBase="C:/Users/graeme/documents/visual studio 2010/Projects/CTraderEmployees/CTraderEmployeesTests/bin/Debug/CTraderEmployeesTests.DLL" adapterTypeName="Microsoft.VisualStudio.TestTools.TestTypes.Unit.UnitTestAdapter, Microsoft.VisualStudio.QualityTools.Tips.UnitTest.Adapter, Version=10.0.0.0, Culture=neutral, PublicKeyToken=b03f5f7f11d50a3a" className="CTraderEmployeesTests.EmployeeTests, CTraderEmployeesTests, Version=1.0.0.0, Culture=neutral, PublicKeyToken=null" name="EmployeeExists" />
    </UnitTest>
    <UnitTest name="EmployeeHasAFirstName" storage="c:\users\graeme\documents\visual studio 2010\projects\ctraderemployees\ctraderemployeestests\bin\debug\ctraderemployeestests.dll" id="28d8c82f-e0f4-01be-0bbf-647de37b3f55">
      <Execution timeOut="1800000" id="3f82f342-c48d-4ba6-b0c5-9a060762cf42" />
      <TestMethod codeBase="C:/Users/graeme/documents/visual studio 2010/Projects/CTraderEmployees/CTraderEmployeesTests/bin/Debug/CTraderEmployeesTests.DLL" adapterTypeName="Microsoft.VisualStudio.TestTools.TestTypes.Unit.UnitTestAdapter, Microsoft.VisualStudio.QualityTools.Tips.UnitTest.Adapter, Version=10.0.0.0, Culture=neutral, PublicKeyToken=b03f5f7f11d50a3a" className="CTraderEmployeesTests.EmployeeTests, CTraderEmployeesTests, Version=1.0.0.0, Culture=neutral, PublicKeyToken=null" name="EmployeeHasAFirstName" />
    </UnitTest>
  </TestDefinitions>
  <TestLists>
    <TestList name="Results Not in a List" id="8c84fa94-04c1-424b-9868-57a2d4851a1d" />
    <TestList name="All Loaded Results" id="19431567-8539-422a-85d7-44ee4e166bda" />
  </TestLists>
  <TestEntries>
    <TestEntry testId="757e021e-7e12-bd83-283a-0c43141c041d" executionId="415d1b48-bea7-4a89-999e-19bcc0dd2812" testListId="8c84fa94-04c1-424b-9868-57a2d4851a1d" />
    <TestEntry testId="28d8c82f-e0f4-01be-0bbf-647de37b3f55" executionId="3f82f342-c48d-4ba6-b0c5-9a060762cf42" testListId="8c84fa94-04c1-424b-9868-57a2d4851a1d" />
  </TestEntries>
  <Results>
    <UnitTestResult executionId="415d1b48-bea7-4a89-999e-19bcc0dd2812" testId="757e021e-7e12-bd83-283a-0c43141c041d" testName="EmployeeExists" computerName="UNIVERSE" duration="00:00:00.0945205" startTime="2011-09-17T12:02:52.8905543+10:00" endTime="2011-09-17T12:02:53.0475632+10:00" testType="13cdc9d9-ddb5-4fa4-a97d-d965ccfc6d4b" outcome="Passed" testListId="8c84fa94-04c1-424b-9868-57a2d4851a1d" relativeResultsDirectory="415d1b48-bea7-4a89-999e-19bcc0dd2812">
    </UnitTestResult>
    <UnitTestResult executionId="3f82f342-c48d-4ba6-b0c5-9a060762cf42" testId="28d8c82f-e0f4-01be-0bbf-647de37b3f55" testName="EmployeeHasAFirstName" computerName="UNIVERSE" duration="00:00:00.0001778" startTime="2011-09-17T12:02:53.0725647+10:00" endTime="2011-09-17T12:02:53.0805651+10:00" testType="13cdc9d9-ddb5-4fa4-a97d-d965ccfc6d4b" outcome="Passed" testListId="8c84fa94-04c1-424b-9868-57a2d4851a1d" relativeResultsDirectory="3f82f342-c48d-4ba6-b0c5-9a060762cf42">
    </UnitTestResult>
  </Results>
</TestRun>