<?xml version="1.0" encoding="UTF-8"?>
<TestRun id="7af0e72d-a8e4-45e6-890e-3c8cc5c9e9ec" name="graeme@UNIVERSE 2011-09-17 18:01:58" runUser="Universe\graeme" xmlns="http://microsoft.com/schemas/VisualStudio/TeamTest/2010">
  <TestSettings name="Local" id="e920189b-fed0-46c2-83c6-cc62807d3a99">
    <Description>These are default test settings for a local test run.</Description>
    <Deployment enabled="false" runDeploymentRoot="graeme_UNIVERSE 2011-09-17 18_01_58" />
    <Execution>
      <TestTypeSpecific />
      <AgentRule name="Execution Agents">
      </AgentRule>
    </Execution>
  </TestSettings>
  <Times creation="2011-09-17T18:01:58.6439009+10:00" queuing="2011-09-17T18:01:58.9279171+10:00" start="2011-09-17T18:01:59.2009327+10:00" finish="2011-09-17T18:01:59.5699538+10:00" />
  <ResultSummary outcome="Failed">
    <Counters total="8" executed="8" passed="7" error="0" failed="1" timeout="0" aborted="0" inconclusive="0" passedButRunAborted="0" notRunnable="0" notExecuted="0" disconnected="0" warning="0" completed="0" inProgress="0" pending="0" />
  </ResultSummary>
  <TestDefinitions>
    <UnitTest name="ConfigHasPath" storage="c:\users\graeme\documents\visual studio 2010\projects\ctraderemployees\ctraderemployeestests\bin\debug\ctraderemployeestests.dll" id="2b6492f9-7a61-9c64-7cab-ab3c340d5086">
      <Execution timeOut="1800000" id="8a2c02aa-f41a-467a-b247-a1cfd8ac61ee" />
      <TestMethod codeBase="C:/Users/graeme/documents/visual studio 2010/Projects/CTraderEmployees/CTraderEmployeesTests/bin/Debug/CTraderEmployeesTests.DLL" adapterTypeName="Microsoft.VisualStudio.TestTools.TestTypes.Unit.UnitTestAdapter, Microsoft.VisualStudio.QualityTools.Tips.UnitTest.Adapter, Version=10.0.0.0, Culture=neutral, PublicKeyToken=b03f5f7f11d50a3a" className="CTraderEmployeesTests.DataStoreTests, CTraderEmployeesTests, Version=1.0.0.0, Culture=neutral, PublicKeyToken=null" name="ConfigHasPath" />
    </UnitTest>
    <UnitTest name="ConfigExists" storage="c:\users\graeme\documents\visual studio 2010\projects\ctraderemployees\ctraderemployeestests\bin\debug\ctraderemployeestests.dll" id="57d95bfb-8d99-bbaf-4bd2-0f85aa1ddd21">
      <Execution timeOut="1800000" id="a9e06118-2b16-4333-a3f8-f4e7cc710f00" />
      <TestMethod codeBase="C:/Users/graeme/documents/visual studio 2010/Projects/CTraderEmployees/CTraderEmployeesTests/bin/Debug/CTraderEmployeesTests.DLL" adapterTypeName="Microsoft.VisualStudio.TestTools.TestTypes.Unit.UnitTestAdapter, Microsoft.VisualStudio.QualityTools.Tips.UnitTest.Adapter, Version=10.0.0.0, Culture=neutral, PublicKeyToken=b03f5f7f11d50a3a" className="CTraderEmployeesTests.DataStoreTests, CTraderEmployeesTests, Version=1.0.0.0, Culture=neutral, PublicKeyToken=null" name="ConfigExists" />
    </UnitTest>
    <UnitTest name="SaveEmployee" storage="c:\users\graeme\documents\visual studio 2010\projects\ctraderemployees\ctraderemployeestests\bin\debug\ctraderemployeestests.dll" id="b423e4e4-8842-b410-2a06-1396b6889675">
      <Execution timeOut="1800000" id="afa9c834-1f41-4ebf-8288-b1a5ff858028" />
      <TestMethod codeBase="C:/Users/graeme/documents/visual studio 2010/Projects/CTraderEmployees/CTraderEmployeesTests/bin/Debug/CTraderEmployeesTests.DLL" adapterTypeName="Microsoft.VisualStudio.TestTools.TestTypes.Unit.UnitTestAdapter, Microsoft.VisualStudio.QualityTools.Tips.UnitTest.Adapter, Version=10.0.0.0, Culture=neutral, PublicKeyToken=b03f5f7f11d50a3a" className="CTraderEmployeesTests.EmployeeTests, CTraderEmployeesTests, Version=1.0.0.0, Culture=neutral, PublicKeyToken=null" name="SaveEmployee" />
    </UnitTest>
    <UnitTest name="InvalidPath" storage="c:\users\graeme\documents\visual studio 2010\projects\ctraderemployees\ctraderemployeestests\bin\debug\ctraderemployeestests.dll" id="99c4e911-dde2-b283-0235-03e51583b72e">
      <Execution timeOut="1800000" id="76c53dfd-55dc-488b-a685-ad3efd87606d" />
      <TestMethod codeBase="C:/Users/graeme/documents/visual studio 2010/Projects/CTraderEmployees/CTraderEmployeesTests/bin/Debug/CTraderEmployeesTests.DLL" adapterTypeName="Microsoft.VisualStudio.TestTools.TestTypes.Unit.UnitTestAdapter, Microsoft.VisualStudio.QualityTools.Tips.UnitTest.Adapter, Version=10.0.0.0, Culture=neutral, PublicKeyToken=b03f5f7f11d50a3a" className="CTraderEmployeesTests.DataStoreTests, CTraderEmployeesTests, Version=1.0.0.0, Culture=neutral, PublicKeyToken=null" name="InvalidPath" />
    </UnitTest>
    <UnitTest name="EmployeeExists" storage="c:\users\graeme\documents\visual studio 2010\projects\ctraderemployees\ctraderemployeestests\bin\debug\ctraderemployeestests.dll" id="757e021e-7e12-bd83-283a-0c43141c041d">
      <Execution timeOut="1800000" id="51241245-321a-4979-a9b0-686304efb2fe" />
      <TestMethod codeBase="C:/Users/graeme/documents/visual studio 2010/Projects/CTraderEmployees/CTraderEmployeesTests/bin/Debug/CTraderEmployeesTests.DLL" adapterTypeName="Microsoft.VisualStudio.TestTools.TestTypes.Unit.UnitTestAdapter, Microsoft.VisualStudio.QualityTools.Tips.UnitTest.Adapter, Version=10.0.0.0, Culture=neutral, PublicKeyToken=b03f5f7f11d50a3a" className="CTraderEmployeesTests.EmployeeTests, CTraderEmployeesTests, Version=1.0.0.0, Culture=neutral, PublicKeyToken=null" name="EmployeeExists" />
    </UnitTest>
    <UnitTest name="EmployeeHasFields" storage="c:\users\graeme\documents\visual studio 2010\projects\ctraderemployees\ctraderemployeestests\bin\debug\ctraderemployeestests.dll" id="704be9be-c4fa-23ad-07df-cfc9e4bfa6e7">
      <Execution timeOut="1800000" id="d4b724f1-5743-424b-9965-be025f4807c8" />
      <TestMethod codeBase="C:/Users/graeme/documents/visual studio 2010/Projects/CTraderEmployees/CTraderEmployeesTests/bin/Debug/CTraderEmployeesTests.DLL" adapterTypeName="Microsoft.VisualStudio.TestTools.TestTypes.Unit.UnitTestAdapter, Microsoft.VisualStudio.QualityTools.Tips.UnitTest.Adapter, Version=10.0.0.0, Culture=neutral, PublicKeyToken=b03f5f7f11d50a3a" className="CTraderEmployeesTests.EmployeeTests, CTraderEmployeesTests, Version=1.0.0.0, Culture=neutral, PublicKeyToken=null" name="EmployeeHasFields" />
    </UnitTest>
    <UnitTest name="UpdateEmployee" storage="c:\users\graeme\documents\visual studio 2010\projects\ctraderemployees\ctraderemployeestests\bin\debug\ctraderemployeestests.dll" id="cede7b58-9d55-861d-b036-3054eccd6243">
      <Execution timeOut="1800000" id="b59ec841-3372-4dc8-a699-95069d3de8d6" />
      <TestMethod codeBase="C:/Users/graeme/documents/visual studio 2010/Projects/CTraderEmployees/CTraderEmployeesTests/bin/Debug/CTraderEmployeesTests.DLL" adapterTypeName="Microsoft.VisualStudio.TestTools.TestTypes.Unit.UnitTestAdapter, Microsoft.VisualStudio.QualityTools.Tips.UnitTest.Adapter, Version=10.0.0.0, Culture=neutral, PublicKeyToken=b03f5f7f11d50a3a" className="CTraderEmployeesTests.EmployeeTests, CTraderEmployeesTests, Version=1.0.0.0, Culture=neutral, PublicKeyToken=null" name="UpdateEmployee" />
    </UnitTest>
    <UnitTest name="RemoveFile" storage="c:\users\graeme\documents\visual studio 2010\projects\ctraderemployees\ctraderemployeestests\bin\debug\ctraderemployeestests.dll" id="d34304c9-2a82-70fd-ba1f-c94f3ba7da61">
      <Execution timeOut="1800000" id="aadc7f55-f726-4ba3-b5d7-dc11363f2cea" />
      <TestMethod codeBase="C:/Users/graeme/documents/visual studio 2010/Projects/CTraderEmployees/CTraderEmployeesTests/bin/Debug/CTraderEmployeesTests.DLL" adapterTypeName="Microsoft.VisualStudio.TestTools.TestTypes.Unit.UnitTestAdapter, Microsoft.VisualStudio.QualityTools.Tips.UnitTest.Adapter, Version=10.0.0.0, Culture=neutral, PublicKeyToken=b03f5f7f11d50a3a" className="CTraderEmployeesTests.DataStoreTests, CTraderEmployeesTests, Version=1.0.0.0, Culture=neutral, PublicKeyToken=null" name="RemoveFile" />
    </UnitTest>
  </TestDefinitions>
  <TestLists>
    <TestList name="Results Not in a List" id="8c84fa94-04c1-424b-9868-57a2d4851a1d" />
    <TestList name="All Loaded Results" id="19431567-8539-422a-85d7-44ee4e166bda" />
  </TestLists>
  <TestEntries>
    <TestEntry testId="57d95bfb-8d99-bbaf-4bd2-0f85aa1ddd21" executionId="a9e06118-2b16-4333-a3f8-f4e7cc710f00" testListId="8c84fa94-04c1-424b-9868-57a2d4851a1d" />
    <TestEntry testId="2b6492f9-7a61-9c64-7cab-ab3c340d5086" executionId="8a2c02aa-f41a-467a-b247-a1cfd8ac61ee" testListId="8c84fa94-04c1-424b-9868-57a2d4851a1d" />
    <TestEntry testId="99c4e911-dde2-b283-0235-03e51583b72e" executionId="76c53dfd-55dc-488b-a685-ad3efd87606d" testListId="8c84fa94-04c1-424b-9868-57a2d4851a1d" />
    <TestEntry testId="d34304c9-2a82-70fd-ba1f-c94f3ba7da61" executionId="aadc7f55-f726-4ba3-b5d7-dc11363f2cea" testListId="8c84fa94-04c1-424b-9868-57a2d4851a1d" />
    <TestEntry testId="757e021e-7e12-bd83-283a-0c43141c041d" executionId="51241245-321a-4979-a9b0-686304efb2fe" testListId="8c84fa94-04c1-424b-9868-57a2d4851a1d" />
    <TestEntry testId="704be9be-c4fa-23ad-07df-cfc9e4bfa6e7" executionId="d4b724f1-5743-424b-9965-be025f4807c8" testListId="8c84fa94-04c1-424b-9868-57a2d4851a1d" />
    <TestEntry testId="b423e4e4-8842-b410-2a06-1396b6889675" executionId="afa9c834-1f41-4ebf-8288-b1a5ff858028" testListId="8c84fa94-04c1-424b-9868-57a2d4851a1d" />
    <TestEntry testId="cede7b58-9d55-861d-b036-3054eccd6243" executionId="b59ec841-3372-4dc8-a699-95069d3de8d6" testListId="8c84fa94-04c1-424b-9868-57a2d4851a1d" />
  </TestEntries>
  <Results>
    <UnitTestResult executionId="a9e06118-2b16-4333-a3f8-f4e7cc710f00" testId="57d95bfb-8d99-bbaf-4bd2-0f85aa1ddd21" testName="ConfigExists" computerName="UNIVERSE" duration="00:00:00.0350482" startTime="2011-09-17T18:01:59.2519356+10:00" endTime="2011-09-17T18:01:59.3629420+10:00" testType="13cdc9d9-ddb5-4fa4-a97d-d965ccfc6d4b" outcome="Passed" testListId="8c84fa94-04c1-424b-9868-57a2d4851a1d" relativeResultsDirectory="a9e06118-2b16-4333-a3f8-f4e7cc710f00">
    </UnitTestResult>
    <UnitTestResult executionId="8a2c02aa-f41a-467a-b247-a1cfd8ac61ee" testId="2b6492f9-7a61-9c64-7cab-ab3c340d5086" testName="ConfigHasPath" computerName="UNIVERSE" duration="00:00:00.0056561" startTime="2011-09-17T18:01:59.3729426+10:00" endTime="2011-09-17T18:01:59.3789429+10:00" testType="13cdc9d9-ddb5-4fa4-a97d-d965ccfc6d4b" outcome="Passed" testListId="8c84fa94-04c1-424b-9868-57a2d4851a1d" relativeResultsDirectory="8a2c02aa-f41a-467a-b247-a1cfd8ac61ee">
    </UnitTestResult>
    <UnitTestResult executionId="76c53dfd-55dc-488b-a685-ad3efd87606d" testId="99c4e911-dde2-b283-0235-03e51583b72e" testName="InvalidPath" computerName="UNIVERSE" duration="00:00:00.0053898" startTime="2011-09-17T18:01:59.3889435+10:00" endTime="2011-09-17T18:01:59.4019442+10:00" testType="13cdc9d9-ddb5-4fa4-a97d-d965ccfc6d4b" outcome="Passed" testListId="8c84fa94-04c1-424b-9868-57a2d4851a1d" relativeResultsDirectory="76c53dfd-55dc-488b-a685-ad3efd87606d">
    </UnitTestResult>
    <UnitTestResult executionId="aadc7f55-f726-4ba3-b5d7-dc11363f2cea" testId="d34304c9-2a82-70fd-ba1f-c94f3ba7da61" testName="RemoveFile" computerName="UNIVERSE" duration="00:00:00.0060131" startTime="2011-09-17T18:01:59.4049444+10:00" endTime="2011-09-17T18:01:59.4119448+10:00" testType="13cdc9d9-ddb5-4fa4-a97d-d965ccfc6d4b" outcome="Passed" testListId="8c84fa94-04c1-424b-9868-57a2d4851a1d" relativeResultsDirectory="aadc7f55-f726-4ba3-b5d7-dc11363f2cea">
    </UnitTestResult>
    <UnitTestResult executionId="51241245-321a-4979-a9b0-686304efb2fe" testId="757e021e-7e12-bd83-283a-0c43141c041d" testName="EmployeeExists" computerName="UNIVERSE" duration="00:00:00.0136775" startTime="2011-09-17T18:01:59.4159450+10:00" endTime="2011-09-17T18:01:59.4309459+10:00" testType="13cdc9d9-ddb5-4fa4-a97d-d965ccfc6d4b" outcome="Passed" testListId="8c84fa94-04c1-424b-9868-57a2d4851a1d" relativeResultsDirectory="51241245-321a-4979-a9b0-686304efb2fe">
    </UnitTestResult>
    <UnitTestResult executionId="d4b724f1-5743-424b-9965-be025f4807c8" testId="704be9be-c4fa-23ad-07df-cfc9e4bfa6e7" testName="EmployeeHasFields" computerName="UNIVERSE" duration="00:00:00.0058961" startTime="2011-09-17T18:01:59.4339460+10:00" endTime="2011-09-17T18:01:59.4409464+10:00" testType="13cdc9d9-ddb5-4fa4-a97d-d965ccfc6d4b" outcome="Passed" testListId="8c84fa94-04c1-424b-9868-57a2d4851a1d" relativeResultsDirectory="d4b724f1-5743-424b-9965-be025f4807c8">
    </UnitTestResult>
    <UnitTestResult executionId="afa9c834-1f41-4ebf-8288-b1a5ff858028" testId="b423e4e4-8842-b410-2a06-1396b6889675" testName="SaveEmployee" computerName="UNIVERSE" duration="00:00:00.0076978" startTime="2011-09-17T18:01:59.4439466+10:00" endTime="2011-09-17T18:01:59.4529471+10:00" testType="13cdc9d9-ddb5-4fa4-a97d-d965ccfc6d4b" outcome="Passed" testListId="8c84fa94-04c1-424b-9868-57a2d4851a1d" relativeResultsDirectory="afa9c834-1f41-4ebf-8288-b1a5ff858028">
    </UnitTestResult>
    <UnitTestResult executionId="b59ec841-3372-4dc8-a699-95069d3de8d6" testId="cede7b58-9d55-861d-b036-3054eccd6243" testName="UpdateEmployee" computerName="UNIVERSE" duration="00:00:00.0364754" startTime="2011-09-17T18:01:59.4569474+10:00" endTime="2011-09-17T18:01:59.4939495+10:00" testType="13cdc9d9-ddb5-4fa4-a97d-d965ccfc6d4b" outcome="Failed" testListId="8c84fa94-04c1-424b-9868-57a2d4851a1d" relativeResultsDirectory="b59ec841-3372-4dc8-a699-95069d3de8d6">
      <Output>
        <ErrorInfo>
          <Message>Assert.AreEqual failed. Expected:&lt;21d9fb81-bdf8-4c4e-b397-01018f30e90b|john|smith|Male|5|True
&gt;. Actual:&lt;4e6a65b9-b19e-4e32-bdf1-6cf50cb6e11a|john|smith|Male|5|True&gt;. </Message>
          <StackTrace>   at CTraderEmployeesTests.EmployeeTests.UpdateEmployee() in C:\Users\graeme\documents\visual studio 2010\Projects\CTraderEmployees\CTraderEmployeesTests\EmployeeTests.cs:line 107
</StackTrace>
        </ErrorInfo>
      </Output>
    </UnitTestResult>
  </Results>
</TestRun>