<?xml version="1.0" encoding="UTF-8"?>
<TestRun id="cb0a0828-26e7-460f-a246-db568fb03728" name="graeme@UNIVERSE 2011-09-17 15:46:47" runUser="Universe\graeme" xmlns="http://microsoft.com/schemas/VisualStudio/TeamTest/2010">
  <TestSettings name="Local" id="e920189b-fed0-46c2-83c6-cc62807d3a99">
    <Description>These are default test settings for a local test run.</Description>
    <Deployment enabled="false" runDeploymentRoot="graeme_UNIVERSE 2011-09-17 15_46_47" />
    <Execution>
      <TestTypeSpecific />
      <AgentRule name="Execution Agents">
      </AgentRule>
    </Execution>
  </TestSettings>
  <Times creation="2011-09-17T15:46:47.8189882+10:00" queuing="2011-09-17T15:46:48.1080047+10:00" start="2011-09-17T15:46:48.4730256+10:00" finish="2011-09-17T15:46:48.7900437+10:00" />
  <ResultSummary outcome="Failed">
    <Counters total="6" executed="6" passed="4" error="0" failed="2" timeout="0" aborted="0" inconclusive="0" passedButRunAborted="0" notRunnable="0" notExecuted="0" disconnected="0" warning="0" completed="0" inProgress="0" pending="0" />
  </ResultSummary>
  <TestDefinitions>
    <UnitTest name="CreateFile" storage="c:\users\graeme\documents\visual studio 2010\projects\ctraderemployees\ctraderemployeestests\bin\debug\ctraderemployeestests.dll" id="238caa62-8e4b-18f5-e130-74cbaddee443">
      <Execution timeOut="1800000" id="023f34f5-2bfb-4d23-b9cb-e4cb73ba9beb" />
      <TestMethod codeBase="C:/Users/graeme/documents/visual studio 2010/Projects/CTraderEmployees/CTraderEmployeesTests/bin/Debug/CTraderEmployeesTests.DLL" adapterTypeName="Microsoft.VisualStudio.TestTools.TestTypes.Unit.UnitTestAdapter, Microsoft.VisualStudio.QualityTools.Tips.UnitTest.Adapter, Version=10.0.0.0, Culture=neutral, PublicKeyToken=b03f5f7f11d50a3a" className="CTraderEmployeesTests.ConfigTests, CTraderEmployeesTests, Version=1.0.0.0, Culture=neutral, PublicKeyToken=null" name="CreateFile" />
    </UnitTest>
    <UnitTest name="InvalidPath" storage="c:\users\graeme\documents\visual studio 2010\projects\ctraderemployees\ctraderemployeestests\bin\debug\ctraderemployeestests.dll" id="b8e3a127-60fb-d15a-38dd-91050e14e18a">
      <Execution timeOut="1800000" id="cf265835-7a0a-4a42-8e33-5a44f68f7358" />
      <TestMethod codeBase="C:/Users/graeme/documents/visual studio 2010/Projects/CTraderEmployees/CTraderEmployeesTests/bin/Debug/CTraderEmployeesTests.DLL" adapterTypeName="Microsoft.VisualStudio.TestTools.TestTypes.Unit.UnitTestAdapter, Microsoft.VisualStudio.QualityTools.Tips.UnitTest.Adapter, Version=10.0.0.0, Culture=neutral, PublicKeyToken=b03f5f7f11d50a3a" className="CTraderEmployeesTests.ConfigTests, CTraderEmployeesTests, Version=1.0.0.0, Culture=neutral, PublicKeyToken=null" name="InvalidPath" />
    </UnitTest>
    <UnitTest name="EmployeeExists" storage="c:\users\graeme\documents\visual studio 2010\projects\ctraderemployees\ctraderemployeestests\bin\debug\ctraderemployeestests.dll" id="757e021e-7e12-bd83-283a-0c43141c041d">
      <Execution timeOut="1800000" id="627dfd3c-48ff-4d60-a2e7-c0a47cb5e312" />
      <TestMethod codeBase="C:/Users/graeme/documents/visual studio 2010/Projects/CTraderEmployees/CTraderEmployeesTests/bin/Debug/CTraderEmployeesTests.DLL" adapterTypeName="Microsoft.VisualStudio.TestTools.TestTypes.Unit.UnitTestAdapter, Microsoft.VisualStudio.QualityTools.Tips.UnitTest.Adapter, Version=10.0.0.0, Culture=neutral, PublicKeyToken=b03f5f7f11d50a3a" className="CTraderEmployeesTests.EmployeeTests, CTraderEmployeesTests, Version=1.0.0.0, Culture=neutral, PublicKeyToken=null" name="EmployeeExists" />
    </UnitTest>
    <UnitTest name="EmployeeHasFields" storage="c:\users\graeme\documents\visual studio 2010\projects\ctraderemployees\ctraderemployeestests\bin\debug\ctraderemployeestests.dll" id="704be9be-c4fa-23ad-07df-cfc9e4bfa6e7">
      <Execution timeOut="1800000" id="8ed3698b-f543-4b25-ba7f-ab34355d52ea" />
      <TestMethod codeBase="C:/Users/graeme/documents/visual studio 2010/Projects/CTraderEmployees/CTraderEmployeesTests/bin/Debug/CTraderEmployeesTests.DLL" adapterTypeName="Microsoft.VisualStudio.TestTools.TestTypes.Unit.UnitTestAdapter, Microsoft.VisualStudio.QualityTools.Tips.UnitTest.Adapter, Version=10.0.0.0, Culture=neutral, PublicKeyToken=b03f5f7f11d50a3a" className="CTraderEmployeesTests.EmployeeTests, CTraderEmployeesTests, Version=1.0.0.0, Culture=neutral, PublicKeyToken=null" name="EmployeeHasFields" />
    </UnitTest>
    <UnitTest name="ConfigHasPath" storage="c:\users\graeme\documents\visual studio 2010\projects\ctraderemployees\ctraderemployeestests\bin\debug\ctraderemployeestests.dll" id="750b2ed7-8531-78d8-975c-8b53fd505641">
      <Execution timeOut="1800000" id="2b406474-a20c-415d-9065-784654768eb9" />
      <TestMethod codeBase="C:/Users/graeme/documents/visual studio 2010/Projects/CTraderEmployees/CTraderEmployeesTests/bin/Debug/CTraderEmployeesTests.DLL" adapterTypeName="Microsoft.VisualStudio.TestTools.TestTypes.Unit.UnitTestAdapter, Microsoft.VisualStudio.QualityTools.Tips.UnitTest.Adapter, Version=10.0.0.0, Culture=neutral, PublicKeyToken=b03f5f7f11d50a3a" className="CTraderEmployeesTests.ConfigTests, CTraderEmployeesTests, Version=1.0.0.0, Culture=neutral, PublicKeyToken=null" name="ConfigHasPath" />
    </UnitTest>
    <UnitTest name="ConfigExists" storage="c:\users\graeme\documents\visual studio 2010\projects\ctraderemployees\ctraderemployeestests\bin\debug\ctraderemployeestests.dll" id="5dafe0aa-4690-22d9-56bc-90a1639b3f6b">
      <Execution timeOut="1800000" id="ce36c575-d616-47a1-b7fa-0c9665c120b9" />
      <TestMethod codeBase="C:/Users/graeme/documents/visual studio 2010/Projects/CTraderEmployees/CTraderEmployeesTests/bin/Debug/CTraderEmployeesTests.DLL" adapterTypeName="Microsoft.VisualStudio.TestTools.TestTypes.Unit.UnitTestAdapter, Microsoft.VisualStudio.QualityTools.Tips.UnitTest.Adapter, Version=10.0.0.0, Culture=neutral, PublicKeyToken=b03f5f7f11d50a3a" className="CTraderEmployeesTests.ConfigTests, CTraderEmployeesTests, Version=1.0.0.0, Culture=neutral, PublicKeyToken=null" name="ConfigExists" />
    </UnitTest>
  </TestDefinitions>
  <TestLists>
    <TestList name="Results Not in a List" id="8c84fa94-04c1-424b-9868-57a2d4851a1d" />
    <TestList name="All Loaded Results" id="19431567-8539-422a-85d7-44ee4e166bda" />
  </TestLists>
  <TestEntries>
    <TestEntry testId="5dafe0aa-4690-22d9-56bc-90a1639b3f6b" executionId="ce36c575-d616-47a1-b7fa-0c9665c120b9" testListId="8c84fa94-04c1-424b-9868-57a2d4851a1d" />
    <TestEntry testId="750b2ed7-8531-78d8-975c-8b53fd505641" executionId="2b406474-a20c-415d-9065-784654768eb9" testListId="8c84fa94-04c1-424b-9868-57a2d4851a1d" />
    <TestEntry testId="238caa62-8e4b-18f5-e130-74cbaddee443" executionId="023f34f5-2bfb-4d23-b9cb-e4cb73ba9beb" testListId="8c84fa94-04c1-424b-9868-57a2d4851a1d" />
    <TestEntry testId="b8e3a127-60fb-d15a-38dd-91050e14e18a" executionId="cf265835-7a0a-4a42-8e33-5a44f68f7358" testListId="8c84fa94-04c1-424b-9868-57a2d4851a1d" />
    <TestEntry testId="757e021e-7e12-bd83-283a-0c43141c041d" executionId="627dfd3c-48ff-4d60-a2e7-c0a47cb5e312" testListId="8c84fa94-04c1-424b-9868-57a2d4851a1d" />
    <TestEntry testId="704be9be-c4fa-23ad-07df-cfc9e4bfa6e7" executionId="8ed3698b-f543-4b25-ba7f-ab34355d52ea" testListId="8c84fa94-04c1-424b-9868-57a2d4851a1d" />
  </TestEntries>
  <Results>
    <UnitTestResult executionId="ce36c575-d616-47a1-b7fa-0c9665c120b9" testId="5dafe0aa-4690-22d9-56bc-90a1639b3f6b" testName="ConfigExists" computerName="UNIVERSE" duration="00:00:00.0314658" startTime="2011-09-17T15:46:48.5200283+10:00" endTime="2011-09-17T15:46:48.6160338+10:00" testType="13cdc9d9-ddb5-4fa4-a97d-d965ccfc6d4b" outcome="Passed" testListId="8c84fa94-04c1-424b-9868-57a2d4851a1d" relativeResultsDirectory="ce36c575-d616-47a1-b7fa-0c9665c120b9">
    </UnitTestResult>
    <UnitTestResult executionId="2b406474-a20c-415d-9065-784654768eb9" testId="750b2ed7-8531-78d8-975c-8b53fd505641" testName="ConfigHasPath" computerName="UNIVERSE" duration="00:00:00.0350007" startTime="2011-09-17T15:46:48.6200340+10:00" endTime="2011-09-17T15:46:48.6560361+10:00" testType="13cdc9d9-ddb5-4fa4-a97d-d965ccfc6d4b" outcome="Failed" testListId="8c84fa94-04c1-424b-9868-57a2d4851a1d" relativeResultsDirectory="2b406474-a20c-415d-9065-784654768eb9">
      <Output>
        <ErrorInfo>
          <Message>Assert.AreEqual failed. Expected:&lt;test.data&gt;. Actual:&lt;C:\Users\graeme\documents\visual studio 2010\Projects\CTraderEmployees\CTraderEmployeesTests\test.data&gt;. </Message>
          <StackTrace>   at CTraderEmployeesTests.ConfigTests.ConfigHasPath() in C:\Users\graeme\documents\visual studio 2010\Projects\CTraderEmployees\CTraderEmployeesTests\ConfigTests.cs:line 31
</StackTrace>
        </ErrorInfo>
      </Output>
    </UnitTestResult>
    <UnitTestResult executionId="023f34f5-2bfb-4d23-b9cb-e4cb73ba9beb" testId="238caa62-8e4b-18f5-e130-74cbaddee443" testName="CreateFile" computerName="UNIVERSE" duration="00:00:00.0092602" startTime="2011-09-17T15:46:48.6600363+10:00" endTime="2011-09-17T15:46:48.6700369+10:00" testType="13cdc9d9-ddb5-4fa4-a97d-d965ccfc6d4b" outcome="Failed" testListId="8c84fa94-04c1-424b-9868-57a2d4851a1d" relativeResultsDirectory="023f34f5-2bfb-4d23-b9cb-e4cb73ba9beb">
      <Output>
        <ErrorInfo>
          <Message>Test method CTraderEmployeesTests.ConfigTests.CreateFile threw exception: 
System.NotImplementedException: The method or operation is not implemented.</Message>
          <StackTrace>    at CTraderEmployees.Models.Config.CreateDataStore(String path) in C:\Users\graeme\documents\visual studio 2010\Projects\CTraderEmployees\CTraderEmployees\Models\Config.cs:line 25
   at CTraderEmployeesTests.ConfigTests.CreateFile() in C:\Users\graeme\documents\visual studio 2010\Projects\CTraderEmployees\CTraderEmployeesTests\ConfigTests.cs:line 43
</StackTrace>
        </ErrorInfo>
      </Output>
    </UnitTestResult>
    <UnitTestResult executionId="cf265835-7a0a-4a42-8e33-5a44f68f7358" testId="b8e3a127-60fb-d15a-38dd-91050e14e18a" testName="InvalidPath" computerName="UNIVERSE" duration="00:00:00.0010357" startTime="2011-09-17T15:46:48.6730371+10:00" endTime="2011-09-17T15:46:48.6760372+10:00" testType="13cdc9d9-ddb5-4fa4-a97d-d965ccfc6d4b" outcome="Passed" testListId="8c84fa94-04c1-424b-9868-57a2d4851a1d" relativeResultsDirectory="cf265835-7a0a-4a42-8e33-5a44f68f7358">
    </UnitTestResult>
    <UnitTestResult executionId="627dfd3c-48ff-4d60-a2e7-c0a47cb5e312" testId="757e021e-7e12-bd83-283a-0c43141c041d" testName="EmployeeExists" computerName="UNIVERSE" duration="00:00:00.0005653" startTime="2011-09-17T15:46:48.6790374+10:00" endTime="2011-09-17T15:46:48.6810375+10:00" testType="13cdc9d9-ddb5-4fa4-a97d-d965ccfc6d4b" outcome="Passed" testListId="8c84fa94-04c1-424b-9868-57a2d4851a1d" relativeResultsDirectory="627dfd3c-48ff-4d60-a2e7-c0a47cb5e312">
    </UnitTestResult>
    <UnitTestResult executionId="8ed3698b-f543-4b25-ba7f-ab34355d52ea" testId="704be9be-c4fa-23ad-07df-cfc9e4bfa6e7" testName="EmployeeHasFields" computerName="UNIVERSE" duration="00:00:00.0019819" startTime="2011-09-17T15:46:48.7100392+10:00" endTime="2011-09-17T15:46:48.7140394+10:00" testType="13cdc9d9-ddb5-4fa4-a97d-d965ccfc6d4b" outcome="Passed" testListId="8c84fa94-04c1-424b-9868-57a2d4851a1d" relativeResultsDirectory="8ed3698b-f543-4b25-ba7f-ab34355d52ea">
    </UnitTestResult>
  </Results>
</TestRun>