<?xml version="1.0" encoding="UTF-8"?>
<TestRun id="eb67851b-6983-454a-9cfa-488d0754a35d" name="graeme@UNIVERSE 2011-09-17 14:15:59" runUser="Universe\graeme" xmlns="http://microsoft.com/schemas/VisualStudio/TeamTest/2010">
  <TestSettings name="Local" id="e920189b-fed0-46c2-83c6-cc62807d3a99">
    <Description>These are default test settings for a local test run.</Description>
    <Deployment enabled="false" runDeploymentRoot="graeme_UNIVERSE 2011-09-17 14_15_59" />
    <Execution>
      <TestTypeSpecific />
      <AgentRule name="Execution Agents">
      </AgentRule>
    </Execution>
  </TestSettings>
  <Times creation="2011-09-17T14:15:59.1583426+10:00" queuing="2011-09-17T14:15:59.4413588+10:00" start="2011-09-17T14:15:59.7653774+10:00" finish="2011-09-17T14:16:00.0763951+10:00" />
  <ResultSummary outcome="Failed">
    <Counters total="1" executed="1" error="0" failed="1" timeout="0" aborted="0" inconclusive="0" passedButRunAborted="0" notRunnable="0" notExecuted="0" disconnected="0" warning="0" passed="0" completed="0" inProgress="0" pending="0" />
  </ResultSummary>
  <TestDefinitions>
    <UnitTest name="EmployeeHasFields" storage="c:\users\graeme\documents\visual studio 2010\projects\ctraderemployees\ctraderemployeestests\bin\debug\ctraderemployeestests.dll" id="feb08402-9561-a641-b87f-809ec20c2fda">
      <Execution timeOut="1800000" id="cff20e44-f50c-436b-9bbb-838117370281" />
      <TestMethod codeBase="C:/Users/graeme/documents/visual studio 2010/Projects/CTraderEmployees/CTraderEmployeesTests/bin/Debug/CTraderEmployeesTests.DLL" adapterTypeName="Microsoft.VisualStudio.TestTools.TestTypes.Unit.UnitTestAdapter, Microsoft.VisualStudio.QualityTools.Tips.UnitTest.Adapter, Version=10.0.0.0, Culture=neutral, PublicKeyToken=b03f5f7f11d50a3a" className="CTraderEmployeesTests.ConfigTests, CTraderEmployeesTests, Version=1.0.0.0, Culture=neutral, PublicKeyToken=null" name="EmployeeHasFields" />
    </UnitTest>
  </TestDefinitions>
  <TestLists>
    <TestList name="Results Not in a List" id="8c84fa94-04c1-424b-9868-57a2d4851a1d" />
    <TestList name="All Loaded Results" id="19431567-8539-422a-85d7-44ee4e166bda" />
  </TestLists>
  <TestEntries>
    <TestEntry testId="feb08402-9561-a641-b87f-809ec20c2fda" executionId="cff20e44-f50c-436b-9bbb-838117370281" testListId="8c84fa94-04c1-424b-9868-57a2d4851a1d" />
  </TestEntries>
  <Results>
    <UnitTestResult executionId="cff20e44-f50c-436b-9bbb-838117370281" testId="feb08402-9561-a641-b87f-809ec20c2fda" testName="EmployeeHasFields" computerName="UNIVERSE" duration="00:00:00.1257983" startTime="2011-09-17T14:15:59.8033795+10:00" endTime="2011-09-17T14:15:59.9923903+10:00" testType="13cdc9d9-ddb5-4fa4-a97d-d965ccfc6d4b" outcome="Failed" testListId="8c84fa94-04c1-424b-9868-57a2d4851a1d" relativeResultsDirectory="cff20e44-f50c-436b-9bbb-838117370281">
      <Output>
        <ErrorInfo>
          <Message>Assert.AreEqual failed. Expected:&lt;john&gt;. Actual:&lt;c:	est.data&gt;. </Message>
          <StackTrace>   at CTraderEmployeesTests.ConfigTests.EmployeeHasFields() in C:\Users\graeme\documents\visual studio 2010\Projects\CTraderEmployees\CTraderEmployeesTests\ConfigTests.cs:line 28
</StackTrace>
        </ErrorInfo>
      </Output>
    </UnitTestResult>
  </Results>
</TestRun>