<?xml version="1.0" encoding="UTF-8"?>
<TestRun id="518d9259-0ccb-4eaf-af7b-3771f9b3603a" name="graeme@UNIVERSE 2011-09-17 12:49:48" runUser="Universe\graeme" xmlns="http://microsoft.com/schemas/VisualStudio/TeamTest/2010">
  <TestSettings name="Local" id="e920189b-fed0-46c2-83c6-cc62807d3a99">
    <Description>These are default test settings for a local test run.</Description>
    <Deployment enabled="false" runDeploymentRoot="graeme_UNIVERSE 2011-09-17 12_49_48" />
    <Execution>
      <TestTypeSpecific />
      <AgentRule name="Execution Agents">
      </AgentRule>
    </Execution>
  </TestSettings>
  <Times creation="2011-09-17T12:49:48.8706191+10:00" queuing="2011-09-17T12:49:49.3926490+10:00" start="2011-09-17T12:49:49.7156674+10:00" finish="2011-09-17T12:49:49.9676818+10:00" />
  <ResultSummary outcome="Completed">
    <Counters total="2" executed="2" passed="2" error="0" failed="0" timeout="0" aborted="0" inconclusive="0" passedButRunAborted="0" notRunnable="0" notExecuted="0" disconnected="0" warning="0" completed="0" inProgress="0" pending="0" />
  </ResultSummary>
  <TestDefinitions>
    <UnitTest name="EmployeeExists" storage="c:\users\graeme\documents\visual studio 2010\projects\ctraderemployees\ctraderemployeestests\bin\debug\ctraderemployeestests.dll" id="757e021e-7e12-bd83-283a-0c43141c041d">
      <Execution timeOut="1800000" id="7fa4bc0e-0b41-4bf5-ab87-af031225403b" />
      <TestMethod codeBase="C:/Users/graeme/documents/visual studio 2010/Projects/CTraderEmployees/CTraderEmployeesTests/bin/Debug/CTraderEmployeesTests.DLL" adapterTypeName="Microsoft.VisualStudio.TestTools.TestTypes.Unit.UnitTestAdapter, Microsoft.VisualStudio.QualityTools.Tips.UnitTest.Adapter, Version=10.0.0.0, Culture=neutral, PublicKeyToken=b03f5f7f11d50a3a" className="CTraderEmployeesTests.EmployeeTests, CTraderEmployeesTests, Version=1.0.0.0, Culture=neutral, PublicKeyToken=null" name="EmployeeExists" />
    </UnitTest>
    <UnitTest name="EmployeeHasFields" storage="c:\users\graeme\documents\visual studio 2010\projects\ctraderemployees\ctraderemployeestests\bin\debug\ctraderemployeestests.dll" id="704be9be-c4fa-23ad-07df-cfc9e4bfa6e7">
      <Execution timeOut="1800000" id="0ea7fe71-962f-4f2d-822d-751801c487fa" />
      <TestMethod codeBase="C:/Users/graeme/documents/visual studio 2010/Projects/CTraderEmployees/CTraderEmployeesTests/bin/Debug/CTraderEmployeesTests.DLL" adapterTypeName="Microsoft.VisualStudio.TestTools.TestTypes.Unit.UnitTestAdapter, Microsoft.VisualStudio.QualityTools.Tips.UnitTest.Adapter, Version=10.0.0.0, Culture=neutral, PublicKeyToken=b03f5f7f11d50a3a" className="CTraderEmployeesTests.EmployeeTests, CTraderEmployeesTests, Version=1.0.0.0, Culture=neutral, PublicKeyToken=null" name="EmployeeHasFields" />
    </UnitTest>
  </TestDefinitions>
  <TestLists>
    <TestList name="Results Not in a List" id="8c84fa94-04c1-424b-9868-57a2d4851a1d" />
    <TestList name="All Loaded Results" id="19431567-8539-422a-85d7-44ee4e166bda" />
  </TestLists>
  <TestEntries>
    <TestEntry testId="757e021e-7e12-bd83-283a-0c43141c041d" executionId="7fa4bc0e-0b41-4bf5-ab87-af031225403b" testListId="8c84fa94-04c1-424b-9868-57a2d4851a1d" />
    <TestEntry testId="704be9be-c4fa-23ad-07df-cfc9e4bfa6e7" executionId="0ea7fe71-962f-4f2d-822d-751801c487fa" testListId="8c84fa94-04c1-424b-9868-57a2d4851a1d" />
  </TestEntries>
  <Results>
    <UnitTestResult executionId="7fa4bc0e-0b41-4bf5-ab87-af031225403b" testId="757e021e-7e12-bd83-283a-0c43141c041d" testName="EmployeeExists" computerName="UNIVERSE" duration="00:00:00.0315355" startTime="2011-09-17T12:49:49.7816712+10:00" endTime="2011-09-17T12:49:49.8776767+10:00" testType="13cdc9d9-ddb5-4fa4-a97d-d965ccfc6d4b" outcome="Passed" testListId="8c84fa94-04c1-424b-9868-57a2d4851a1d" relativeResultsDirectory="7fa4bc0e-0b41-4bf5-ab87-af031225403b">
    </UnitTestResult>
    <UnitTestResult executionId="0ea7fe71-962f-4f2d-822d-751801c487fa" testId="704be9be-c4fa-23ad-07df-cfc9e4bfa6e7" testName="EmployeeHasFields" computerName="UNIVERSE" duration="00:00:00.0055407" startTime="2011-09-17T12:49:49.8816769+10:00" endTime="2011-09-17T12:49:49.8886773+10:00" testType="13cdc9d9-ddb5-4fa4-a97d-d965ccfc6d4b" outcome="Passed" testListId="8c84fa94-04c1-424b-9868-57a2d4851a1d" relativeResultsDirectory="0ea7fe71-962f-4f2d-822d-751801c487fa">
    </UnitTestResult>
  </Results>
</TestRun>