<?xml version="1.0" encoding="UTF-8"?>
<TestRun id="5d7b34b1-ac19-44d9-bf66-4e8aafd04a09" name="graeme@UNIVERSE 2011-09-17 17:31:48" runUser="Universe\graeme" xmlns="http://microsoft.com/schemas/VisualStudio/TeamTest/2010">
  <TestSettings name="Local" id="e920189b-fed0-46c2-83c6-cc62807d3a99">
    <Description>These are default test settings for a local test run.</Description>
    <Deployment enabled="false" runDeploymentRoot="graeme_UNIVERSE 2011-09-17 17_31_48" />
    <Execution>
      <TestTypeSpecific />
      <AgentRule name="Execution Agents">
      </AgentRule>
    </Execution>
  </TestSettings>
  <Times creation="2011-09-17T17:31:48.6103729+10:00" queuing="2011-09-17T17:31:48.8913889+10:00" start="2011-09-17T17:31:49.1394031+10:00" finish="2011-09-17T17:31:49.4244194+10:00" />
  <ResultSummary outcome="Completed">
    <Counters total="1" executed="1" passed="1" error="0" failed="0" timeout="0" aborted="0" inconclusive="0" passedButRunAborted="0" notRunnable="0" notExecuted="0" disconnected="0" warning="0" completed="0" inProgress="0" pending="0" />
  </ResultSummary>
  <TestDefinitions>
    <UnitTest name="SaveEmployee" storage="c:\users\graeme\documents\visual studio 2010\projects\ctraderemployees\ctraderemployeestests\bin\debug\ctraderemployeestests.dll" id="b423e4e4-8842-b410-2a06-1396b6889675">
      <Execution timeOut="1800000" id="2a2e92b9-ef38-4f58-817f-13a7bb082eec" />
      <TestMethod codeBase="C:/Users/graeme/documents/visual studio 2010/Projects/CTraderEmployees/CTraderEmployeesTests/bin/Debug/CTraderEmployeesTests.DLL" adapterTypeName="Microsoft.VisualStudio.TestTools.TestTypes.Unit.UnitTestAdapter, Microsoft.VisualStudio.QualityTools.Tips.UnitTest.Adapter, Version=10.0.0.0, Culture=neutral, PublicKeyToken=b03f5f7f11d50a3a" className="CTraderEmployeesTests.EmployeeTests, CTraderEmployeesTests, Version=1.0.0.0, Culture=neutral, PublicKeyToken=null" name="SaveEmployee" />
    </UnitTest>
  </TestDefinitions>
  <TestLists>
    <TestList name="Results Not in a List" id="8c84fa94-04c1-424b-9868-57a2d4851a1d" />
    <TestList name="All Loaded Results" id="19431567-8539-422a-85d7-44ee4e166bda" />
  </TestLists>
  <TestEntries>
    <TestEntry testId="b423e4e4-8842-b410-2a06-1396b6889675" executionId="2a2e92b9-ef38-4f58-817f-13a7bb082eec" testListId="8c84fa94-04c1-424b-9868-57a2d4851a1d" />
  </TestEntries>
  <Results>
    <UnitTestResult executionId="2a2e92b9-ef38-4f58-817f-13a7bb082eec" testId="b423e4e4-8842-b410-2a06-1396b6889675" testName="SaveEmployee" computerName="UNIVERSE" duration="00:00:00.0662099" startTime="2011-09-17T17:31:49.1924061+10:00" endTime="2011-09-17T17:31:49.3284139+10:00" testType="13cdc9d9-ddb5-4fa4-a97d-d965ccfc6d4b" outcome="Passed" testListId="8c84fa94-04c1-424b-9868-57a2d4851a1d" relativeResultsDirectory="2a2e92b9-ef38-4f58-817f-13a7bb082eec">
    </UnitTestResult>
  </Results>
</TestRun>