<?xml version="1.0" encoding="UTF-8"?>
<TestRun id="8d3df312-c017-4c8e-9385-0fec24c9cabb" name="graeme@UNIVERSE 2011-09-17 12:49:13" runUser="Universe\graeme" xmlns="http://microsoft.com/schemas/VisualStudio/TeamTest/2010">
  <TestSettings name="Local" id="e920189b-fed0-46c2-83c6-cc62807d3a99">
    <Description>These are default test settings for a local test run.</Description>
    <Deployment enabled="false" runDeploymentRoot="graeme_UNIVERSE 2011-09-17 12_49_13">
      <DeploymentItem filename="C:\Users\graeme\documents\visual studio 2010\Projects\CTraderEmployees\CTraderEmployees\bin\CTraderEmployees.dll" />
    </Deployment>
    <Execution>
      <TestTypeSpecific />
      <AgentRule name="Execution Agents">
      </AgentRule>
    </Execution>
  </TestSettings>
  <Times creation="2011-09-17T12:49:13.7706115+10:00" queuing="2011-09-17T12:49:19.0699146+10:00" start="2011-09-17T12:49:19.3079282+10:00" finish="2011-09-17T12:49:21.0710291+10:00" />
  <ResultSummary outcome="Completed">
    <Counters total="2" executed="2" passed="2" error="0" failed="0" timeout="0" aborted="0" inconclusive="0" passedButRunAborted="0" notRunnable="0" notExecuted="0" disconnected="0" warning="0" completed="0" inProgress="0" pending="0" />
  </ResultSummary>
  <TestDefinitions>
    <UnitTest name="EmployeeExists" storage="c:\users\graeme\documents\visual studio 2010\projects\ctraderemployees\ctraderemployeestests\bin\debug\ctraderemployeestests.dll" id="757e021e-7e12-bd83-283a-0c43141c041d">
      <Execution id="65edfcda-c511-47d7-a558-e7835caebb04" />
      <TestMethod codeBase="C:/Users/graeme/documents/visual studio 2010/Projects/CTraderEmployees/CTraderEmployeesTests/bin/Debug/CTraderEmployeesTests.DLL" adapterTypeName="Microsoft.VisualStudio.TestTools.TestTypes.Unit.UnitTestAdapter, Microsoft.VisualStudio.QualityTools.Tips.UnitTest.Adapter, Version=10.0.0.0, Culture=neutral, PublicKeyToken=b03f5f7f11d50a3a" className="CTraderEmployeesTests.EmployeeTests, CTraderEmployeesTests, Version=1.0.0.0, Culture=neutral, PublicKeyToken=null" name="EmployeeExists" />
    </UnitTest>
    <UnitTest name="EmployeeHasFields" storage="c:\users\graeme\documents\visual studio 2010\projects\ctraderemployees\ctraderemployeestests\bin\debug\ctraderemployeestests.dll" id="704be9be-c4fa-23ad-07df-cfc9e4bfa6e7">
      <Execution id="603a3a97-8286-400c-9b53-2822a6d7a1be" />
      <TestMethod codeBase="C:/Users/graeme/documents/visual studio 2010/Projects/CTraderEmployees/CTraderEmployeesTests/bin/Debug/CTraderEmployeesTests.DLL" adapterTypeName="Microsoft.VisualStudio.TestTools.TestTypes.Unit.UnitTestAdapter, Microsoft.VisualStudio.QualityTools.Tips.UnitTest.Adapter, Version=10.0.0.0, Culture=neutral, PublicKeyToken=b03f5f7f11d50a3a" className="CTraderEmployeesTests.EmployeeTests, CTraderEmployeesTests, Version=1.0.0.0, Culture=neutral, PublicKeyToken=null" name="EmployeeHasFields" />
    </UnitTest>
  </TestDefinitions>
  <TestLists>
    <TestList name="Results Not in a List" id="8c84fa94-04c1-424b-9868-57a2d4851a1d" />
    <TestList name="All Loaded Results" id="19431567-8539-422a-85d7-44ee4e166bda" />
  </TestLists>
  <TestEntries>
    <TestEntry testId="757e021e-7e12-bd83-283a-0c43141c041d" executionId="65edfcda-c511-47d7-a558-e7835caebb04" testListId="8c84fa94-04c1-424b-9868-57a2d4851a1d" />
    <TestEntry testId="704be9be-c4fa-23ad-07df-cfc9e4bfa6e7" executionId="603a3a97-8286-400c-9b53-2822a6d7a1be" testListId="8c84fa94-04c1-424b-9868-57a2d4851a1d" />
  </TestEntries>
  <Results>
    <UnitTestResult executionId="65edfcda-c511-47d7-a558-e7835caebb04" testId="757e021e-7e12-bd83-283a-0c43141c041d" testName="EmployeeExists" computerName="UNIVERSE" duration="00:00:00.0502032" startTime="2011-09-17T12:49:19.4929388+10:00" endTime="2011-09-17T12:49:20.8300153+10:00" testType="13cdc9d9-ddb5-4fa4-a97d-d965ccfc6d4b" outcome="Passed" testListId="8c84fa94-04c1-424b-9868-57a2d4851a1d" relativeResultsDirectory="65edfcda-c511-47d7-a558-e7835caebb04">
    </UnitTestResult>
    <UnitTestResult executionId="603a3a97-8286-400c-9b53-2822a6d7a1be" testId="704be9be-c4fa-23ad-07df-cfc9e4bfa6e7" testName="EmployeeHasFields" computerName="UNIVERSE" duration="00:00:00.0010807" startTime="2011-09-17T12:49:20.8590169+10:00" endTime="2011-09-17T12:49:20.8680174+10:00" testType="13cdc9d9-ddb5-4fa4-a97d-d965ccfc6d4b" outcome="Passed" testListId="8c84fa94-04c1-424b-9868-57a2d4851a1d" relativeResultsDirectory="603a3a97-8286-400c-9b53-2822a6d7a1be">
    </UnitTestResult>
  </Results>
</TestRun>